# JRE version: OpenJDK Runtime Environment (8.0_212-b04) (build 1.8.0_212-release-1586-b04)
# Java VM: OpenJDK 64-Bit Server VM (25.212-b04 mixed mode windows-amd64 compressed oops)
Heap:
 PSYoungGen      total 135680K, used 91509K [0x00000000d5580000, 0x00000000df180000, 0x0000000100000000)
  eden space 122368K, 63% used [0x00000000d5580000,0x00000000da1e4698,0x00000000dcd00000)
  from space 13312K, 99% used [0x00000000de480000,0x00000000df178e40,0x00000000df180000)
  to   space 14848K, 0% used [0x00000000dd480000,0x00000000dd480000,0x00000000de300000)
 ParOldGen       total 101376K, used 19924K [0x0000000080000000, 0x0000000086300000, 0x00000000d5580000)
  object space 101376K, 19% used [0x0000000080000000,0x0000000081375030,0x0000000086300000)
 Metaspace       used 50535K, capacity 52176K, committed 52392K, reserved 1093632K
  class space    used 6830K, capacity 7234K, committed 7336K, reserved 1048576K
GC Heap History (10 events):
Event: 6.077 GC heap before
{Heap before GC invocations=8 (full 1):
 PSYoungGen      total 76288K, used 65536K [0x00000000d5580000, 0x00000000dad80000, 0x0000000100000000)
  eden space 65536K, 100% used [0x00000000d5580000,0x00000000d9580000,0x00000000d9580000)
  from space 10752K, 0% used [0x00000000da100000,0x00000000da100000,0x00000000dab80000)
  to   space 11776K, 0% used [0x00000000d9580000,0x00000000d9580000,0x00000000da100000)
 ParOldGen       total 62976K, used 9903K [0x0000000080000000, 0x0000000083d80000, 0x00000000d5580000)
  object space 62976K, 15% used [0x0000000080000000,0x00000000809abc40,0x0000000083d80000)
 Metaspace       used 28028K, capacity 28558K, committed 28928K, reserved 1075200K
  class space    used 3837K, capacity 4008K, committed 4096K, reserved 1048576K
Event: 6.088 GC heap after
Heap after GC invocations=8 (full 1):
 PSYoungGen      total 77312K, used 7202K [0x00000000d5580000, 0x00000000dcd80000, 0x0000000100000000)
  eden space 65536K, 0% used [0x00000000d5580000,0x00000000d5580000,0x00000000d9580000)
  from space 11776K, 61% used [0x00000000d9580000,0x00000000d9c88ac8,0x00000000da100000)
  to   space 11264K, 0% used [0x00000000dc280000,0x00000000dc280000,0x00000000dcd80000)
 ParOldGen       total 62976K, used 9911K [0x0000000080000000, 0x0000000083d80000, 0x00000000d5580000)
  object space 62976K, 15% used [0x0000000080000000,0x00000000809adc40,0x0000000083d80000)
 Metaspace       used 28028K, capacity 28558K, committed 28928K, reserved 1075200K
  class space    used 3837K, capacity 4008K, committed 4096K, reserved 1048576K
}
Event: 7.029 GC heap before
{Heap before GC invocations=9 (full 1):
 PSYoungGen      total 77312K, used 72738K [0x00000000d5580000, 0x00000000dcd80000, 0x0000000100000000)
  eden space 65536K, 100% used [0x00000000d5580000,0x00000000d9580000,0x00000000d9580000)
  from space 11776K, 61% used [0x00000000d9580000,0x00000000d9c88ac8,0x00000000da100000)
  to   space 11264K, 0% used [0x00000000dc280000,0x00000000dc280000,0x00000000dcd80000)
 ParOldGen       total 62976K, used 9911K [0x0000000080000000, 0x0000000083d80000, 0x00000000d5580000)
  object space 62976K, 15% used [0x0000000080000000,0x00000000809adc40,0x0000000083d80000)
 Metaspace       used 31763K, capacity 32474K, committed 32768K, reserved 1077248K
  class space    used 4302K, capacity 4513K, committed 4608K, reserved 1048576K
Event: 7.042 GC heap after
Heap after GC invocations=9 (full 1):
 PSYoungGen      total 111104K, used 8844K [0x00000000d5580000, 0x00000000dce00000, 0x0000000100000000)
  eden space 99840K, 0% used [0x00000000d5580000,0x00000000d5580000,0x00000000db700000)
  from space 11264K, 78% used [0x00000000dc280000,0x00000000dcb23190,0x00000000dcd80000)
  to   space 11776K, 0% used [0x00000000db700000,0x00000000db700000,0x00000000dc280000)
 ParOldGen       total 62976K, used 9919K [0x0000000080000000, 0x0000000083d80000, 0x00000000d5580000)
  object space 62976K, 15% used [0x0000000080000000,0x00000000809afc40,0x0000000083d80000)
 Metaspace       used 31763K, capacity 32474K, committed 32768K, reserved 1077248K
  class space    used 4302K, capacity 4513K, committed 4608K, reserved 1048576K
}
Event: 7.974 GC heap before
{Heap before GC invocations=10 (full 1):
 PSYoungGen      total 111104K, used 76374K [0x00000000d5580000, 0x00000000dce00000, 0x0000000100000000)
  eden space 99840K, 67% used [0x00000000d5580000,0x00000000d97727b8,0x00000000db700000)
  from space 11264K, 78% used [0x00000000dc280000,0x00000000dcb23190,0x00000000dcd80000)
  to   space 11776K, 0% used [0x00000000db700000,0x00000000db700000,0x00000000dc280000)
 ParOldGen       total 62976K, used 9919K [0x0000000080000000, 0x0000000083d80000, 0x00000000d5580000)
  object space 62976K, 15% used [0x0000000080000000,0x00000000809afc40,0x0000000083d80000)
 Metaspace       used 34753K, capacity 35446K, committed 35496K, reserved 1079296K
  class space    used 4787K, capacity 5026K, committed 5032K, reserved 1048576K
Event: 7.993 GC heap after
Heap after GC invocations=10 (full 1):
 PSYoungGen      total 111616K, used 11775K [0x00000000d5580000, 0x00000000df180000, 0x0000000100000000)
  eden space 99840K, 0% used [0x00000000d5580000,0x00000000d5580000,0x00000000db700000)
  from space 11776K, 99% used [0x00000000db700000,0x00000000dc27fc98,0x00000000dc280000)
  to   space 13312K, 0% used [0x00000000de480000,0x00000000de480000,0x00000000df180000)
 ParOldGen       total 62976K, used 10033K [0x0000000080000000, 0x0000000083d80000, 0x00000000d5580000)
  object space 62976K, 15% used [0x0000000080000000,0x00000000809cc528,0x0000000083d80000)
 Metaspace       used 34753K, capacity 35446K, committed 35496K, reserved 1079296K
  class space    used 4787K, capacity 5026K, committed 5032K, reserved 1048576K
}
Event: 7.993 GC heap before
{Heap before GC invocations=11 (full 2):
 PSYoungGen      total 111616K, used 11775K [0x00000000d5580000, 0x00000000df180000, 0x0000000100000000)
  eden space 99840K, 0% used [0x00000000d5580000,0x00000000d5580000,0x00000000db700000)
  from space 11776K, 99% used [0x00000000db700000,0x00000000dc27fc98,0x00000000dc280000)
  to   space 13312K, 0% used [0x00000000de480000,0x00000000de480000,0x00000000df180000)
 ParOldGen       total 62976K, used 10033K [0x0000000080000000, 0x0000000083d80000, 0x00000000d5580000)
  object space 62976K, 15% used [0x0000000080000000,0x00000000809cc528,0x0000000083d80000)
 Metaspace       used 34753K, capacity 35446K, committed 35496K, reserved 1079296K
  class space    used 4787K, capacity 5026K, committed 5032K, reserved 1048576K
Event: 8.093 GC heap after
Heap after GC invocations=11 (full 2):
 PSYoungGen      total 111616K, used 0K [0x00000000d5580000, 0x00000000df180000, 0x0000000100000000)
  eden space 99840K, 0% used [0x00000000d5580000,0x00000000d5580000,0x00000000db700000)
  from space 11776K, 0% used [0x00000000db700000,0x00000000db700000,0x00000000dc280000)
  to   space 13312K, 0% used [0x00000000de480000,0x00000000de480000,0x00000000df180000)
 ParOldGen       total 101376K, used 19272K [0x0000000080000000, 0x0000000086300000, 0x00000000d5580000)
  object space 101376K, 19% used [0x0000000080000000,0x00000000812d22b0,0x0000000086300000)
 Metaspace       used 34753K, capacity 35446K, committed 35496K, reserved 1079296K
  class space    used 4787K, capacity 5026K, committed 5032K, reserved 1048576K
}
Event: 9.819 GC heap before
{Heap before GC invocations=12 (full 2):
 PSYoungGen      total 111616K, used 99840K [0x00000000d5580000, 0x00000000df180000, 0x0000000100000000)
  eden space 99840K, 100% used [0x00000000d5580000,0x00000000db700000,0x00000000db700000)
  from space 11776K, 0% used [0x00000000db700000,0x00000000db700000,0x00000000dc280000)
  to   space 13312K, 0% used [0x00000000de480000,0x00000000de480000,0x00000000df180000)
 ParOldGen       total 101376K, used 19272K [0x0000000080000000, 0x0000000086300000, 0x00000000d5580000)
  object space 101376K, 19% used [0x0000000080000000,0x00000000812d22b0,0x0000000086300000)
 Metaspace       used 43783K, capacity 45040K, committed 45224K, reserved 1087488K
  class space    used 5929K, capacity 6245K, committed 6312K, reserved 1048576K
Event: 9.835 GC heap after
Heap after GC invocations=12 (full 2):
 PSYoungGen      total 135680K, used 13283K [0x00000000d5580000, 0x00000000df180000, 0x0000000100000000)
  eden space 122368K, 0% used [0x00000000d5580000,0x00000000d5580000,0x00000000dcd00000)
  from space 13312K, 99% used [0x00000000de480000,0x00000000df178e40,0x00000000df180000)
  to   space 14848K, 0% used [0x00000000dd480000,0x00000000dd480000,0x00000000de300000)
 ParOldGen       total 101376K, used 19924K [0x0000000080000000, 0x0000000086300000, 0x00000000d5580000)
  object space 101376K, 19% used [0x0000000080000000,0x0000000081375030,0x0000000086300000)
 Metaspace       used 43783K, capacity 45040K, committed 45224K, reserved 1087488K
  class space    used 5929K, capacity 6245K, committed 6312K, reserved 1048576K
}

