# JRE version: OpenJDK Runtime Environment (8.0_212-b04) (build 1.8.0_212-release-1586-b04)
# Java VM: OpenJDK 64-Bit Server VM (25.212-b04 mixed mode windows-amd64 compressed oops)
Heap:
 PSYoungGen      total 162816K, used 73482K [0x0000000795300000, 0x00000007a1a00000, 0x00000007c0000000)
  eden space 144896K, 38% used [0x0000000795300000,0x000000079894a218,0x000000079e080000)
  from space 17920K, 99% used [0x00000007a0880000,0x00000007a19f8928,0x00000007a1a00000)
  to   space 21504K, 0% used [0x000000079f000000,0x000000079f000000,0x00000007a0500000)
 ParOldGen       total 152576K, used 37532K [0x000000073f800000, 0x0000000748d00000, 0x0000000795300000)
  object space 152576K, 24% used [0x000000073f800000,0x0000000741ca73a8,0x0000000748d00000)
 Metaspace       used 71471K, capacity 74840K, committed 74904K, reserved 1114112K
  class space    used 9605K, capacity 10330K, committed 10392K, reserved 1048576K
GC Heap History (10 events):
Event: 11.783 GC heap before
{Heap before GC invocations=13 (full 2):
 PSYoungGen      total 136192K, used 136162K [0x0000000795300000, 0x000000079f100000, 0x00000007c0000000)
  eden space 122880K, 100% used [0x0000000795300000,0x000000079cb00000,0x000000079cb00000)
  from space 13312K, 99% used [0x000000079e400000,0x000000079f0f8a28,0x000000079f100000)
  to   space 14848K, 0% used [0x000000079d400000,0x000000079d400000,0x000000079e280000)
 ParOldGen       total 100352K, used 19753K [0x000000073f800000, 0x0000000745a00000, 0x0000000795300000)
  object space 100352K, 19% used [0x000000073f800000,0x0000000740b4a700,0x0000000745a00000)
 Metaspace       used 53556K, capacity 55380K, committed 55720K, reserved 1097728K
  class space    used 7353K, capacity 7771K, committed 7848K, reserved 1048576K
Event: 11.808 GC heap after
Heap after GC invocations=13 (full 2):
 PSYoungGen      total 146944K, used 14245K [0x0000000795300000, 0x00000007a0580000, 0x00000007c0000000)
  eden space 132096K, 0% used [0x0000000795300000,0x0000000795300000,0x000000079d400000)
  from space 14848K, 95% used [0x000000079d400000,0x000000079e1e9798,0x000000079e280000)
  to   space 16384K, 0% used [0x000000079f580000,0x000000079f580000,0x00000007a0580000)
 ParOldGen       total 100352K, used 25849K [0x000000073f800000, 0x0000000745a00000, 0x0000000795300000)
  object space 100352K, 25% used [0x000000073f800000,0x000000074113e728,0x0000000745a00000)
 Metaspace       used 53556K, capacity 55380K, committed 55720K, reserved 1097728K
  class space    used 7353K, capacity 7771K, committed 7848K, reserved 1048576K
}
Event: 12.820 GC heap before
{Heap before GC invocations=14 (full 2):
 PSYoungGen      total 146944K, used 92168K [0x0000000795300000, 0x00000007a0580000, 0x00000007c0000000)
  eden space 132096K, 58% used [0x0000000795300000,0x0000000799f18c08,0x000000079d400000)
  from space 14848K, 95% used [0x000000079d400000,0x000000079e1e9798,0x000000079e280000)
  to   space 16384K, 0% used [0x000000079f580000,0x000000079f580000,0x00000007a0580000)
 ParOldGen       total 100352K, used 25849K [0x000000073f800000, 0x0000000745a00000, 0x0000000795300000)
  object space 100352K, 25% used [0x000000073f800000,0x000000074113e728,0x0000000745a00000)
 Metaspace       used 57001K, capacity 59020K, committed 59160K, reserved 1099776K
  class space    used 7921K, capacity 8363K, committed 8472K, reserved 1048576K
Event: 12.839 GC heap after
Heap after GC invocations=14 (full 2):
 PSYoungGen      total 165376K, used 13271K [0x0000000795300000, 0x00000007a1400000, 0x00000007c0000000)
  eden space 148992K, 0% used [0x0000000795300000,0x0000000795300000,0x000000079e480000)
  from space 16384K, 81% used [0x000000079f580000,0x00000007a0275de8,0x00000007a0580000)
  to   space 17408K, 0% used [0x000000079e480000,0x000000079e480000,0x000000079f580000)
 ParOldGen       total 100352K, used 25857K [0x000000073f800000, 0x0000000745a00000, 0x0000000795300000)
  object space 100352K, 25% used [0x000000073f800000,0x0000000741140728,0x0000000745a00000)
 Metaspace       used 57001K, capacity 59020K, committed 59160K, reserved 1099776K
  class space    used 7921K, capacity 8363K, committed 8472K, reserved 1048576K
}
Event: 12.839 GC heap before
{Heap before GC invocations=15 (full 3):
 PSYoungGen      total 165376K, used 13271K [0x0000000795300000, 0x00000007a1400000, 0x00000007c0000000)
  eden space 148992K, 0% used [0x0000000795300000,0x0000000795300000,0x000000079e480000)
  from space 16384K, 81% used [0x000000079f580000,0x00000007a0275de8,0x00000007a0580000)
  to   space 17408K, 0% used [0x000000079e480000,0x000000079e480000,0x000000079f580000)
 ParOldGen       total 100352K, used 25857K [0x000000073f800000, 0x0000000745a00000, 0x0000000795300000)
  object space 100352K, 25% used [0x000000073f800000,0x0000000741140728,0x0000000745a00000)
 Metaspace       used 57001K, capacity 59020K, committed 59160K, reserved 1099776K
  class space    used 7921K, capacity 8363K, committed 8472K, reserved 1048576K
Event: 13.337 GC heap after
Heap after GC invocations=15 (full 3):
 PSYoungGen      total 165376K, used 0K [0x0000000795300000, 0x00000007a1400000, 0x00000007c0000000)
  eden space 148992K, 0% used [0x0000000795300000,0x0000000795300000,0x000000079e480000)
  from space 16384K, 0% used [0x000000079f580000,0x000000079f580000,0x00000007a0580000)
  to   space 17408K, 0% used [0x000000079e480000,0x000000079e480000,0x000000079f580000)
 ParOldGen       total 152576K, used 34710K [0x000000073f800000, 0x0000000748d00000, 0x0000000795300000)
  object space 152576K, 22% used [0x000000073f800000,0x00000007419e5af8,0x0000000748d00000)
 Metaspace       used 56963K, capacity 58894K, committed 59160K, reserved 1099776K
  class space    used 7910K, capacity 8342K, committed 8472K, reserved 1048576K
}
Event: 16.700 GC heap before
{Heap before GC invocations=16 (full 3):
 PSYoungGen      total 165376K, used 148992K [0x0000000795300000, 0x00000007a1400000, 0x00000007c0000000)
  eden space 148992K, 100% used [0x0000000795300000,0x000000079e480000,0x000000079e480000)
  from space 16384K, 0% used [0x000000079f580000,0x000000079f580000,0x00000007a0580000)
  to   space 17408K, 0% used [0x000000079e480000,0x000000079e480000,0x000000079f580000)
 ParOldGen       total 152576K, used 34710K [0x000000073f800000, 0x0000000748d00000, 0x0000000795300000)
  object space 152576K, 22% used [0x000000073f800000,0x00000007419e5af8,0x0000000748d00000)
 Metaspace       used 63334K, capacity 66024K, committed 66200K, reserved 1105920K
  class space    used 8824K, capacity 9339K, committed 9368K, reserved 1048576K
Event: 16.712 GC heap after
Heap after GC invocations=16 (full 3):
 PSYoungGen      total 166400K, used 13089K [0x0000000795300000, 0x00000007a1a00000, 0x00000007c0000000)
  eden space 148992K, 0% used [0x0000000795300000,0x0000000795300000,0x000000079e480000)
  from space 17408K, 75% used [0x000000079e480000,0x000000079f1487c8,0x000000079f580000)
  to   space 17920K, 0% used [0x00000007a0880000,0x00000007a0880000,0x00000007a1a00000)
 ParOldGen       total 152576K, used 34718K [0x000000073f800000, 0x0000000748d00000, 0x0000000795300000)
  object space 152576K, 22% used [0x000000073f800000,0x00000007419e7af8,0x0000000748d00000)
 Metaspace       used 63334K, capacity 66024K, committed 66200K, reserved 1105920K
  class space    used 8824K, capacity 9339K, committed 9368K, reserved 1048576K
}
Event: 3057.623 GC heap before
{Heap before GC invocations=17 (full 3):
 PSYoungGen      total 166400K, used 162081K [0x0000000795300000, 0x00000007a1a00000, 0x00000007c0000000)
  eden space 148992K, 100% used [0x0000000795300000,0x000000079e480000,0x000000079e480000)
  from space 17408K, 75% used [0x000000079e480000,0x000000079f1487c8,0x000000079f580000)
  to   space 17920K, 0% used [0x00000007a0880000,0x00000007a0880000,0x00000007a1a00000)
 ParOldGen       total 152576K, used 34718K [0x000000073f800000, 0x0000000748d00000, 0x0000000795300000)
  object space 152576K, 22% used [0x000000073f800000,0x00000007419e7af8,0x0000000748d00000)
 Metaspace       used 70333K, capacity 73614K, committed 73752K, reserved 1112064K
  class space    used 9482K, capacity 10211K, committed 10264K, reserved 1048576K
Event: 3057.656 GC heap after
Heap after GC invocations=17 (full 3):
 PSYoungGen      total 162816K, used 17890K [0x0000000795300000, 0x00000007a1a00000, 0x00000007c0000000)
  eden space 144896K, 0% used [0x0000000795300000,0x0000000795300000,0x000000079e080000)
  from space 17920K, 99% used [0x00000007a0880000,0x00000007a19f8928,0x00000007a1a00000)
  to   space 21504K, 0% used [0x000000079f000000,0x000000079f000000,0x00000007a0500000)
 ParOldGen       total 152576K, used 37532K [0x000000073f800000, 0x0000000748d00000, 0x0000000795300000)
  object space 152576K, 24% used [0x000000073f800000,0x0000000741ca73a8,0x0000000748d00000)
 Metaspace       used 70333K, capacity 73614K, committed 73752K, reserved 1112064K
  class space    used 9482K, capacity 10211K, committed 10264K, reserved 1048576K
}

