# JRE version: OpenJDK Runtime Environment (8.0_212-b04) (build 1.8.0_212-release-1586-b04)
# Java VM: OpenJDK 64-Bit Server VM (25.212-b04 mixed mode windows-amd64 compressed oops)
Heap:
 PSYoungGen      total 169984K, used 30195K [0x0000000795300000, 0x00000007a2200000, 0x00000007c0000000)
  eden space 146944K, 4% used [0x0000000795300000,0x00000007959ffad0,0x000000079e280000)
  from space 23040K, 99% used [0x000000079ff00000,0x00000007a157d2d0,0x00000007a1580000)
  to   space 29184K, 0% used [0x000000079e280000,0x000000079e280000,0x000000079ff00000)
 ParOldGen       total 172544K, used 39837K [0x000000073f800000, 0x000000074a080000, 0x0000000795300000)
  object space 172544K, 23% used [0x000000073f800000,0x0000000741ee7520,0x000000074a080000)
 Metaspace       used 64560K, capacity 67118K, committed 67416K, reserved 1107968K
  class space    used 8983K, capacity 9499K, committed 9600K, reserved 1048576K
GC Heap History (10 events):
Event: 11.497 GC heap before
{Heap before GC invocations=11 (full 2):
 PSYoungGen      total 132096K, used 131604K [0x0000000795300000, 0x000000079f180000, 0x00000007c0000000)
  eden space 118272K, 100% used [0x0000000795300000,0x000000079c680000,0x000000079c680000)
  from space 13824K, 96% used [0x000000079e400000,0x000000079f105098,0x000000079f180000)
  to   space 15360K, 0% used [0x000000079d380000,0x000000079d380000,0x000000079e280000)
 ParOldGen       total 116736K, used 18171K [0x000000073f800000, 0x0000000746a00000, 0x0000000795300000)
  object space 116736K, 15% used [0x000000073f800000,0x00000007409bef88,0x0000000746a00000)
 Metaspace       used 54401K, capacity 55988K, committed 56280K, reserved 1097728K
  class space    used 7491K, capacity 7883K, committed 7936K, reserved 1048576K
Event: 11.522 GC heap after
Heap after GC invocations=11 (full 2):
 PSYoungGen      total 146944K, used 15355K [0x0000000795300000, 0x000000079fe00000, 0x00000007c0000000)
  eden space 131584K, 0% used [0x0000000795300000,0x0000000795300000,0x000000079d380000)
  from space 15360K, 99% used [0x000000079d380000,0x000000079e27ec18,0x000000079e280000)
  to   space 18944K, 0% used [0x000000079eb80000,0x000000079eb80000,0x000000079fe00000)
 ParOldGen       total 116736K, used 21478K [0x000000073f800000, 0x0000000746a00000, 0x0000000795300000)
  object space 116736K, 18% used [0x000000073f800000,0x0000000740cf9b30,0x0000000746a00000)
 Metaspace       used 54401K, capacity 55988K, committed 56280K, reserved 1097728K
  class space    used 7491K, capacity 7883K, committed 7936K, reserved 1048576K
}
Event: 12.413 GC heap before
{Heap before GC invocations=12 (full 2):
 PSYoungGen      total 146944K, used 64706K [0x0000000795300000, 0x000000079fe00000, 0x00000007c0000000)
  eden space 131584K, 37% used [0x0000000795300000,0x0000000798331c48,0x000000079d380000)
  from space 15360K, 99% used [0x000000079d380000,0x000000079e27ec18,0x000000079e280000)
  to   space 18944K, 0% used [0x000000079eb80000,0x000000079eb80000,0x000000079fe00000)
 ParOldGen       total 116736K, used 21478K [0x000000073f800000, 0x0000000746a00000, 0x0000000795300000)
  object space 116736K, 18% used [0x000000073f800000,0x0000000740cf9b30,0x0000000746a00000)
 Metaspace       used 56963K, capacity 58984K, committed 59028K, reserved 1099776K
  class space    used 7915K, capacity 8404K, committed 8448K, reserved 1048576K
Event: 12.436 GC heap after
Heap after GC invocations=12 (full 2):
 PSYoungGen      total 154624K, used 17043K [0x0000000795300000, 0x00000007a1480000, 0x00000007c0000000)
  eden space 135680K, 0% used [0x0000000795300000,0x0000000795300000,0x000000079d780000)
  from space 18944K, 89% used [0x000000079eb80000,0x000000079fc24c20,0x000000079fe00000)
  to   space 20480K, 0% used [0x000000079d780000,0x000000079d780000,0x000000079eb80000)
 ParOldGen       total 116736K, used 21486K [0x000000073f800000, 0x0000000746a00000, 0x0000000795300000)
  object space 116736K, 18% used [0x000000073f800000,0x0000000740cfbb30,0x0000000746a00000)
 Metaspace       used 56963K, capacity 58984K, committed 59028K, reserved 1099776K
  class space    used 7915K, capacity 8404K, committed 8448K, reserved 1048576K
}
Event: 12.436 GC heap before
{Heap before GC invocations=13 (full 3):
 PSYoungGen      total 154624K, used 17043K [0x0000000795300000, 0x00000007a1480000, 0x00000007c0000000)
  eden space 135680K, 0% used [0x0000000795300000,0x0000000795300000,0x000000079d780000)
  from space 18944K, 89% used [0x000000079eb80000,0x000000079fc24c20,0x000000079fe00000)
  to   space 20480K, 0% used [0x000000079d780000,0x000000079d780000,0x000000079eb80000)
 ParOldGen       total 116736K, used 21486K [0x000000073f800000, 0x0000000746a00000, 0x0000000795300000)
  object space 116736K, 18% used [0x000000073f800000,0x0000000740cfbb30,0x0000000746a00000)
 Metaspace       used 56963K, capacity 58984K, committed 59028K, reserved 1099776K
  class space    used 7915K, capacity 8404K, committed 8448K, reserved 1048576K
Event: 12.885 GC heap after
Heap after GC invocations=13 (full 3):
 PSYoungGen      total 154624K, used 0K [0x0000000795300000, 0x00000007a1480000, 0x00000007c0000000)
  eden space 135680K, 0% used [0x0000000795300000,0x0000000795300000,0x000000079d780000)
  from space 18944K, 0% used [0x000000079eb80000,0x000000079eb80000,0x000000079fe00000)
  to   space 20480K, 0% used [0x000000079d780000,0x000000079d780000,0x000000079eb80000)
 ParOldGen       total 172544K, used 32140K [0x000000073f800000, 0x000000074a080000, 0x0000000795300000)
  object space 172544K, 18% used [0x000000073f800000,0x00000007417633c8,0x000000074a080000)
 Metaspace       used 56812K, capacity 58556K, committed 59028K, reserved 1099776K
  class space    used 7866K, capacity 8316K, committed 8448K, reserved 1048576K
}
Event: 15.139 GC heap before
{Heap before GC invocations=14 (full 3):
 PSYoungGen      total 154624K, used 135680K [0x0000000795300000, 0x00000007a1480000, 0x00000007c0000000)
  eden space 135680K, 100% used [0x0000000795300000,0x000000079d780000,0x000000079d780000)
  from space 18944K, 0% used [0x000000079eb80000,0x000000079eb80000,0x000000079fe00000)
  to   space 20480K, 0% used [0x000000079d780000,0x000000079d780000,0x000000079eb80000)
 ParOldGen       total 172544K, used 32140K [0x000000073f800000, 0x000000074a080000, 0x0000000795300000)
  object space 172544K, 18% used [0x000000073f800000,0x00000007417633c8,0x000000074a080000)
 Metaspace       used 60859K, capacity 62944K, committed 63192K, reserved 1103872K
  class space    used 8430K, capacity 8884K, committed 8960K, reserved 1048576K
Event: 15.160 GC heap after
Heap after GC invocations=14 (full 3):
 PSYoungGen      total 156160K, used 19791K [0x0000000795300000, 0x00000007a1580000, 0x00000007c0000000)
  eden space 135680K, 0% used [0x0000000795300000,0x0000000795300000,0x000000079d780000)
  from space 20480K, 96% used [0x000000079d780000,0x000000079ead3fd0,0x000000079eb80000)
  to   space 23040K, 0% used [0x000000079ff00000,0x000000079ff00000,0x00000007a1580000)
 ParOldGen       total 172544K, used 32148K [0x000000073f800000, 0x000000074a080000, 0x0000000795300000)
  object space 172544K, 18% used [0x000000073f800000,0x00000007417653c8,0x000000074a080000)
 Metaspace       used 60859K, capacity 62944K, committed 63192K, reserved 1103872K
  class space    used 8430K, capacity 8884K, committed 8960K, reserved 1048576K
}
Event: 17.801 GC heap before
{Heap before GC invocations=15 (full 3):
 PSYoungGen      total 156160K, used 155471K [0x0000000795300000, 0x00000007a1580000, 0x00000007c0000000)
  eden space 135680K, 100% used [0x0000000795300000,0x000000079d780000,0x000000079d780000)
  from space 20480K, 96% used [0x000000079d780000,0x000000079ead3fd0,0x000000079eb80000)
  to   space 23040K, 0% used [0x000000079ff00000,0x000000079ff00000,0x00000007a1580000)
 ParOldGen       total 172544K, used 32148K [0x000000073f800000, 0x000000074a080000, 0x0000000795300000)
  object space 172544K, 18% used [0x000000073f800000,0x00000007417653c8,0x000000074a080000)
 Metaspace       used 64555K, capacity 67118K, committed 67416K, reserved 1107968K
  class space    used 8983K, capacity 9499K, committed 9600K, reserved 1048576K
Event: 17.839 GC heap after
Heap after GC invocations=15 (full 3):
 PSYoungGen      total 169984K, used 23028K [0x0000000795300000, 0x00000007a2200000, 0x00000007c0000000)
  eden space 146944K, 0% used [0x0000000795300000,0x0000000795300000,0x000000079e280000)
  from space 23040K, 99% used [0x000000079ff00000,0x00000007a157d2d0,0x00000007a1580000)
  to   space 29184K, 0% used [0x000000079e280000,0x000000079e280000,0x000000079ff00000)
 ParOldGen       total 172544K, used 39837K [0x000000073f800000, 0x000000074a080000, 0x0000000795300000)
  object space 172544K, 23% used [0x000000073f800000,0x0000000741ee7520,0x000000074a080000)
 Metaspace       used 64555K, capacity 67118K, committed 67416K, reserved 1107968K
  class space    used 8983K, capacity 9499K, committed 9600K, reserved 1048576K
}

