# JRE version: OpenJDK Runtime Environment (8.0_212-b04) (build 1.8.0_212-release-1586-b04)
# Java VM: OpenJDK 64-Bit Server VM (25.212-b04 mixed mode windows-amd64 compressed oops)
Heap:
 PSYoungGen      total 213504K, used 134395K [0x00000000e0000000, 0x00000000ee900000, 0x0000000100000000)
  eden space 196608K, 68% used [0x00000000e0000000,0x00000000e833ecf8,0x00000000ec000000)
  from space 16896K, 0% used [0x00000000ecf80000,0x00000000ecf80000,0x00000000ee000000)
  to   space 15872K, 0% used [0x00000000ec000000,0x00000000ec000000,0x00000000ecf80000)
 ParOldGen       total 72192K, used 35753K [0x00000000a0000000, 0x00000000a4680000, 0x00000000e0000000)
  object space 72192K, 49% used [0x00000000a0000000,0x00000000a22ea430,0x00000000a4680000)
 Metaspace       used 62520K, capacity 64646K, committed 64920K, reserved 1105920K
  class space    used 8557K, capacity 9052K, committed 9112K, reserved 1048576K
GC Heap History (10 events):
Event: 11.625 GC heap before
{Heap before GC invocations=7 (full 1):
 PSYoungGen      total 138240K, used 26454K [0x00000000e0000000, 0x00000000ee000000, 0x0000000100000000)
  eden space 133120K, 16% used [0x00000000e0000000,0x00000000e14d58f0,0x00000000e8200000)
  from space 5120K, 100% used [0x00000000e8200000,0x00000000e8700000,0x00000000e8700000)
  to   space 16896K, 0% used [0x00000000ecf80000,0x00000000ecf80000,0x00000000ee000000)
 ParOldGen       total 72192K, used 20153K [0x00000000a0000000, 0x00000000a4680000, 0x00000000e0000000)
  object space 72192K, 27% used [0x00000000a0000000,0x00000000a13ae6f0,0x00000000a4680000)
 Metaspace       used 34662K, capacity 35354K, committed 35496K, reserved 1079296K
  class space    used 4600K, capacity 4808K, committed 4864K, reserved 1048576K
Event: 11.639 GC heap after
Heap after GC invocations=7 (full 1):
 PSYoungGen      total 213504K, used 8910K [0x00000000e0000000, 0x00000000ee900000, 0x0000000100000000)
  eden space 196608K, 0% used [0x00000000e0000000,0x00000000e0000000,0x00000000ec000000)
  from space 16896K, 52% used [0x00000000ecf80000,0x00000000ed833a68,0x00000000ee000000)
  to   space 15872K, 0% used [0x00000000ec000000,0x00000000ec000000,0x00000000ecf80000)
 ParOldGen       total 72192K, used 20161K [0x00000000a0000000, 0x00000000a4680000, 0x00000000e0000000)
  object space 72192K, 27% used [0x00000000a0000000,0x00000000a13b06f0,0x00000000a4680000)
 Metaspace       used 34662K, capacity 35354K, committed 35496K, reserved 1079296K
  class space    used 4600K, capacity 4808K, committed 4864K, reserved 1048576K
}
Event: 11.639 GC heap before
{Heap before GC invocations=8 (full 2):
 PSYoungGen      total 213504K, used 8910K [0x00000000e0000000, 0x00000000ee900000, 0x0000000100000000)
  eden space 196608K, 0% used [0x00000000e0000000,0x00000000e0000000,0x00000000ec000000)
  from space 16896K, 52% used [0x00000000ecf80000,0x00000000ed833a68,0x00000000ee000000)
  to   space 15872K, 0% used [0x00000000ec000000,0x00000000ec000000,0x00000000ecf80000)
 ParOldGen       total 72192K, used 20161K [0x00000000a0000000, 0x00000000a4680000, 0x00000000e0000000)
  object space 72192K, 27% used [0x00000000a0000000,0x00000000a13b06f0,0x00000000a4680000)
 Metaspace       used 34662K, capacity 35354K, committed 35496K, reserved 1079296K
  class space    used 4600K, capacity 4808K, committed 4864K, reserved 1048576K
Event: 11.750 GC heap after
Heap after GC invocations=8 (full 2):
 PSYoungGen      total 213504K, used 0K [0x00000000e0000000, 0x00000000ee900000, 0x0000000100000000)
  eden space 196608K, 0% used [0x00000000e0000000,0x00000000e0000000,0x00000000ec000000)
  from space 16896K, 0% used [0x00000000ecf80000,0x00000000ecf80000,0x00000000ee000000)
  to   space 15872K, 0% used [0x00000000ec000000,0x00000000ec000000,0x00000000ecf80000)
 ParOldGen       total 72192K, used 16985K [0x00000000a0000000, 0x00000000a4680000, 0x00000000e0000000)
  object space 72192K, 23% used [0x00000000a0000000,0x00000000a10966c0,0x00000000a4680000)
 Metaspace       used 34662K, capacity 35354K, committed 35496K, reserved 1079296K
  class space    used 4600K, capacity 4808K, committed 4864K, reserved 1048576K
}
Event: 22.347 GC heap before
{Heap before GC invocations=9 (full 2):
 PSYoungGen      total 213504K, used 196608K [0x00000000e0000000, 0x00000000ee900000, 0x0000000100000000)
  eden space 196608K, 100% used [0x00000000e0000000,0x00000000ec000000,0x00000000ec000000)
  from space 16896K, 0% used [0x00000000ecf80000,0x00000000ecf80000,0x00000000ee000000)
  to   space 15872K, 0% used [0x00000000ec000000,0x00000000ec000000,0x00000000ecf80000)
 ParOldGen       total 72192K, used 16985K [0x00000000a0000000, 0x00000000a4680000, 0x00000000e0000000)
  object space 72192K, 23% used [0x00000000a0000000,0x00000000a10966c0,0x00000000a4680000)
 Metaspace       used 48522K, capacity 49900K, committed 50176K, reserved 1093632K
  class space    used 6479K, capacity 6800K, committed 6912K, reserved 1048576K
Event: 22.374 GC heap after
Heap after GC invocations=9 (full 2):
 PSYoungGen      total 212480K, used 15853K [0x00000000e0000000, 0x00000000ee900000, 0x0000000100000000)
  eden space 196608K, 0% used [0x00000000e0000000,0x00000000e0000000,0x00000000ec000000)
  from space 15872K, 99% used [0x00000000ec000000,0x00000000ecf7b6a8,0x00000000ecf80000)
  to   space 16896K, 0% used [0x00000000ecf80000,0x00000000ecf80000,0x00000000ee000000)
 ParOldGen       total 72192K, used 21553K [0x00000000a0000000, 0x00000000a4680000, 0x00000000e0000000)
  object space 72192K, 29% used [0x00000000a0000000,0x00000000a150c7e0,0x00000000a4680000)
 Metaspace       used 48522K, capacity 49900K, committed 50176K, reserved 1093632K
  class space    used 6479K, capacity 6800K, committed 6912K, reserved 1048576K
}
Event: 25.866 GC heap before
{Heap before GC invocations=10 (full 2):
 PSYoungGen      total 212480K, used 131028K [0x00000000e0000000, 0x00000000ee900000, 0x0000000100000000)
  eden space 196608K, 58% used [0x00000000e0000000,0x00000000e70799b0,0x00000000ec000000)
  from space 15872K, 99% used [0x00000000ec000000,0x00000000ecf7b6a8,0x00000000ecf80000)
  to   space 16896K, 0% used [0x00000000ecf80000,0x00000000ecf80000,0x00000000ee000000)
 ParOldGen       total 72192K, used 21553K [0x00000000a0000000, 0x00000000a4680000, 0x00000000e0000000)
  object space 72192K, 29% used [0x00000000a0000000,0x00000000a150c7e0,0x00000000a4680000)
 Metaspace       used 57015K, capacity 59022K, committed 59160K, reserved 1099776K
  class space    used 7735K, capacity 8197K, committed 8216K, reserved 1048576K
Event: 25.889 GC heap after
Heap after GC invocations=10 (full 2):
 PSYoungGen      total 213504K, used 16868K [0x00000000e0000000, 0x00000000ee900000, 0x0000000100000000)
  eden space 196608K, 0% used [0x00000000e0000000,0x00000000e0000000,0x00000000ec000000)
  from space 16896K, 99% used [0x00000000ecf80000,0x00000000edff92f0,0x00000000ee000000)
  to   space 15872K, 0% used [0x00000000ec000000,0x00000000ec000000,0x00000000ecf80000)
 ParOldGen       total 72192K, used 26538K [0x00000000a0000000, 0x00000000a4680000, 0x00000000e0000000)
  object space 72192K, 36% used [0x00000000a0000000,0x00000000a19eaa38,0x00000000a4680000)
 Metaspace       used 57015K, capacity 59022K, committed 59160K, reserved 1099776K
  class space    used 7735K, capacity 8197K, committed 8216K, reserved 1048576K
}
Event: 25.889 GC heap before
{Heap before GC invocations=11 (full 3):
 PSYoungGen      total 213504K, used 16868K [0x00000000e0000000, 0x00000000ee900000, 0x0000000100000000)
  eden space 196608K, 0% used [0x00000000e0000000,0x00000000e0000000,0x00000000ec000000)
  from space 16896K, 99% used [0x00000000ecf80000,0x00000000edff92f0,0x00000000ee000000)
  to   space 15872K, 0% used [0x00000000ec000000,0x00000000ec000000,0x00000000ecf80000)
 ParOldGen       total 72192K, used 26538K [0x00000000a0000000, 0x00000000a4680000, 0x00000000e0000000)
  object space 72192K, 36% used [0x00000000a0000000,0x00000000a19eaa38,0x00000000a4680000)
 Metaspace       used 57015K, capacity 59022K, committed 59160K, reserved 1099776K
  class space    used 7735K, capacity 8197K, committed 8216K, reserved 1048576K
Event: 26.325 GC heap after
Heap after GC invocations=11 (full 3):
 PSYoungGen      total 213504K, used 0K [0x00000000e0000000, 0x00000000ee900000, 0x0000000100000000)
  eden space 196608K, 0% used [0x00000000e0000000,0x00000000e0000000,0x00000000ec000000)
  from space 16896K, 0% used [0x00000000ecf80000,0x00000000ecf80000,0x00000000ee000000)
  to   space 15872K, 0% used [0x00000000ec000000,0x00000000ec000000,0x00000000ecf80000)
 ParOldGen       total 72192K, used 35753K [0x00000000a0000000, 0x00000000a4680000, 0x00000000e0000000)
  object space 72192K, 49% used [0x00000000a0000000,0x00000000a22ea430,0x00000000a4680000)
 Metaspace       used 56952K, capacity 58814K, committed 59160K, reserved 1099776K
  class space    used 7717K, capacity 8168K, committed 8216K, reserved 1048576K
}

