# JRE version: OpenJDK Runtime Environment (8.0_212-b04) (build 1.8.0_212-release-1586-b04)
# Java VM: OpenJDK 64-Bit Server VM (25.212-b04 mixed mode windows-amd64 compressed oops)
Heap:
 PSYoungGen      total 38400K, used 12192K [0x0000000795300000, 0x0000000797d80000, 0x00000007c0000000)
  eden space 33280K, 21% used [0x0000000795300000,0x00000007959eafb8,0x0000000797380000)
  from space 5120K, 99% used [0x0000000797380000,0x000000079787d398,0x0000000797880000)
  to   space 5120K, 0% used [0x0000000797880000,0x0000000797880000,0x0000000797d80000)
 ParOldGen       total 87552K, used 1475K [0x000000073f800000, 0x0000000744d80000, 0x0000000795300000)
  object space 87552K, 1% used [0x000000073f800000,0x000000073f970fc8,0x0000000744d80000)
 Metaspace       used 12653K, capacity 13046K, committed 13184K, reserved 1060864K
  class space    used 1722K, capacity 1835K, committed 1920K, reserved 1048576K
GC Heap History (6 events):
Event: 1.192 GC heap before
{Heap before GC invocations=1 (full 0):
 PSYoungGen      total 38400K, used 33280K [0x0000000795300000, 0x0000000797d80000, 0x00000007c0000000)
  eden space 33280K, 100% used [0x0000000795300000,0x0000000797380000,0x0000000797380000)
  from space 5120K, 0% used [0x0000000797880000,0x0000000797880000,0x0000000797d80000)
  to   space 5120K, 0% used [0x0000000797380000,0x0000000797380000,0x0000000797880000)
 ParOldGen       total 87552K, used 0K [0x000000073f800000, 0x0000000744d80000, 0x0000000795300000)
  object space 87552K, 0% used [0x000000073f800000,0x000000073f800000,0x0000000744d80000)
 Metaspace       used 7015K, capacity 7276K, committed 7424K, reserved 1056768K
  class space    used 857K, capacity 940K, committed 1024K, reserved 1048576K
Event: 1.199 GC heap after
Heap after GC invocations=1 (full 0):
 PSYoungGen      total 38400K, used 4430K [0x0000000795300000, 0x0000000797d80000, 0x00000007c0000000)
  eden space 33280K, 0% used [0x0000000795300000,0x0000000795300000,0x0000000797380000)
  from space 5120K, 86% used [0x0000000797380000,0x00000007977d3a30,0x0000000797880000)
  to   space 5120K, 0% used [0x0000000797880000,0x0000000797880000,0x0000000797d80000)
 ParOldGen       total 87552K, used 8K [0x000000073f800000, 0x0000000744d80000, 0x0000000795300000)
  object space 87552K, 0% used [0x000000073f800000,0x000000073f802000,0x0000000744d80000)
 Metaspace       used 7015K, capacity 7276K, committed 7424K, reserved 1056768K
  class space    used 857K, capacity 940K, committed 1024K, reserved 1048576K
}
Event: 1.587 GC heap before
{Heap before GC invocations=2 (full 0):
 PSYoungGen      total 38400K, used 37710K [0x0000000795300000, 0x0000000797d80000, 0x00000007c0000000)
  eden space 33280K, 100% used [0x0000000795300000,0x0000000797380000,0x0000000797380000)
  from space 5120K, 86% used [0x0000000797380000,0x00000007977d3a30,0x0000000797880000)
  to   space 5120K, 0% used [0x0000000797880000,0x0000000797880000,0x0000000797d80000)
 ParOldGen       total 87552K, used 8K [0x000000073f800000, 0x0000000744d80000, 0x0000000795300000)
  object space 87552K, 0% used [0x000000073f800000,0x000000073f802000,0x0000000744d80000)
 Metaspace       used 7364K, capacity 7590K, committed 7680K, reserved 1056768K
  class space    used 912K, capacity 981K, committed 1024K, reserved 1048576K
Event: 1.591 GC heap after
Heap after GC invocations=2 (full 0):
 PSYoungGen      total 38400K, used 3585K [0x0000000795300000, 0x0000000797d80000, 0x00000007c0000000)
  eden space 33280K, 0% used [0x0000000795300000,0x0000000795300000,0x0000000797380000)
  from space 5120K, 70% used [0x0000000797880000,0x0000000797c004f0,0x0000000797d80000)
  to   space 5120K, 0% used [0x0000000797380000,0x0000000797380000,0x0000000797880000)
 ParOldGen       total 87552K, used 16K [0x000000073f800000, 0x0000000744d80000, 0x0000000795300000)
  object space 87552K, 0% used [0x000000073f800000,0x000000073f804000,0x0000000744d80000)
 Metaspace       used 7364K, capacity 7590K, committed 7680K, reserved 1056768K
  class space    used 912K, capacity 981K, committed 1024K, reserved 1048576K
}
Event: 3.134 GC heap before
{Heap before GC invocations=3 (full 0):
 PSYoungGen      total 38400K, used 36865K [0x0000000795300000, 0x0000000797d80000, 0x00000007c0000000)
  eden space 33280K, 100% used [0x0000000795300000,0x0000000797380000,0x0000000797380000)
  from space 5120K, 70% used [0x0000000797880000,0x0000000797c004f0,0x0000000797d80000)
  to   space 5120K, 0% used [0x0000000797380000,0x0000000797380000,0x0000000797880000)
 ParOldGen       total 87552K, used 16K [0x000000073f800000, 0x0000000744d80000, 0x0000000795300000)
  object space 87552K, 0% used [0x000000073f800000,0x000000073f804000,0x0000000744d80000)
 Metaspace       used 12411K, capacity 12758K, committed 12928K, reserved 1060864K
  class space    used 1679K, capacity 1803K, committed 1920K, reserved 1048576K
Event: 3.143 GC heap after
Heap after GC invocations=3 (full 0):
 PSYoungGen      total 38400K, used 5108K [0x0000000795300000, 0x0000000797d80000, 0x00000007c0000000)
  eden space 33280K, 0% used [0x0000000795300000,0x0000000795300000,0x0000000797380000)
  from space 5120K, 99% used [0x0000000797380000,0x000000079787d398,0x0000000797880000)
  to   space 5120K, 0% used [0x0000000797880000,0x0000000797880000,0x0000000797d80000)
 ParOldGen       total 87552K, used 1475K [0x000000073f800000, 0x0000000744d80000, 0x0000000795300000)
  object space 87552K, 1% used [0x000000073f800000,0x000000073f970fc8,0x0000000744d80000)
 Metaspace       used 12411K, capacity 12758K, committed 12928K, reserved 1060864K
  class space    used 1679K, capacity 1803K, committed 1920K, reserved 1048576K
}

