# JRE version: OpenJDK Runtime Environment (8.0_212-b04) (build 1.8.0_212-release-1586-b04)
# Java VM: OpenJDK 64-Bit Server VM (25.212-b04 mixed mode windows-amd64 compressed oops)
Heap:
 PSYoungGen      total 193024K, used 122533K [0x0000000795300000, 0x00000007a3d00000, 0x00000007c0000000)
  eden space 168960K, 58% used [0x0000000795300000,0x000000079b32d588,0x000000079f800000)
  from space 24064K, 99% used [0x000000079f800000,0x00000007a0f7bf58,0x00000007a0f80000)
  to   space 29696K, 0% used [0x00000007a2000000,0x00000007a2000000,0x00000007a3d00000)
 ParOldGen       total 157184K, used 38508K [0x000000073f800000, 0x0000000749180000, 0x0000000795300000)
  object space 157184K, 24% used [0x000000073f800000,0x0000000741d9b318,0x0000000749180000)
 Metaspace       used 86979K, capacity 91126K, committed 91480K, reserved 1128448K
  class space    used 11538K, capacity 12296K, committed 12416K, reserved 1048576K
GC Heap History (10 events):
Event: 12.972 GC heap before
{Heap before GC invocations=16 (full 3):
 PSYoungGen      total 154112K, used 136192K [0x0000000795300000, 0x00000007a0580000, 0x00000007c0000000)
  eden space 136192K, 100% used [0x0000000795300000,0x000000079d800000,0x000000079d800000)
  from space 17920K, 0% used [0x000000079eb80000,0x000000079eb80000,0x000000079fd00000)
  to   space 19968K, 0% used [0x000000079d800000,0x000000079d800000,0x000000079eb80000)
 ParOldGen       total 157184K, used 32138K [0x000000073f800000, 0x0000000749180000, 0x0000000795300000)
  object space 157184K, 20% used [0x000000073f800000,0x0000000741762aa0,0x0000000749180000)
 Metaspace       used 59693K, capacity 61822K, committed 61912K, reserved 1101824K
  class space    used 8202K, capacity 8680K, committed 8704K, reserved 1048576K
Event: 12.990 GC heap after
Heap after GC invocations=16 (full 3):
 PSYoungGen      total 156160K, used 15041K [0x0000000795300000, 0x00000007a1580000, 0x00000007c0000000)
  eden space 136192K, 0% used [0x0000000795300000,0x0000000795300000,0x000000079d800000)
  from space 19968K, 75% used [0x000000079d800000,0x000000079e6b0508,0x000000079eb80000)
  to   space 20992K, 0% used [0x00000007a0100000,0x00000007a0100000,0x00000007a1580000)
 ParOldGen       total 157184K, used 32146K [0x000000073f800000, 0x0000000749180000, 0x0000000795300000)
  object space 157184K, 20% used [0x000000073f800000,0x0000000741764aa0,0x0000000749180000)
 Metaspace       used 59693K, capacity 61822K, committed 61912K, reserved 1101824K
  class space    used 8202K, capacity 8680K, committed 8704K, reserved 1048576K
}
Event: 23.864 GC heap before
{Heap before GC invocations=17 (full 3):
 PSYoungGen      total 156160K, used 151233K [0x0000000795300000, 0x00000007a1580000, 0x00000007c0000000)
  eden space 136192K, 100% used [0x0000000795300000,0x000000079d800000,0x000000079d800000)
  from space 19968K, 75% used [0x000000079d800000,0x000000079e6b0508,0x000000079eb80000)
  to   space 20992K, 0% used [0x00000007a0100000,0x00000007a0100000,0x00000007a1580000)
 ParOldGen       total 157184K, used 32146K [0x000000073f800000, 0x0000000749180000, 0x0000000795300000)
  object space 157184K, 20% used [0x000000073f800000,0x0000000741764aa0,0x0000000749180000)
 Metaspace       used 66818K, capacity 69166K, committed 69464K, reserved 1110016K
  class space    used 9026K, capacity 9498K, committed 9600K, reserved 1048576K
Event: 23.882 GC heap after
Heap after GC invocations=17 (full 3):
 PSYoungGen      total 172032K, used 15559K [0x0000000795300000, 0x00000007a1300000, 0x00000007c0000000)
  eden space 153600K, 0% used [0x0000000795300000,0x0000000795300000,0x000000079e900000)
  from space 18432K, 84% used [0x00000007a0100000,0x00000007a1031d30,0x00000007a1300000)
  to   space 21504K, 0% used [0x000000079e900000,0x000000079e900000,0x000000079fe00000)
 ParOldGen       total 157184K, used 32154K [0x000000073f800000, 0x0000000749180000, 0x0000000795300000)
  object space 157184K, 20% used [0x000000073f800000,0x0000000741766aa0,0x0000000749180000)
 Metaspace       used 66818K, capacity 69166K, committed 69464K, reserved 1110016K
  class space    used 9026K, capacity 9498K, committed 9600K, reserved 1048576K
}
Event: 99.688 GC heap before
{Heap before GC invocations=18 (full 3):
 PSYoungGen      total 172032K, used 169159K [0x0000000795300000, 0x00000007a1300000, 0x00000007c0000000)
  eden space 153600K, 100% used [0x0000000795300000,0x000000079e900000,0x000000079e900000)
  from space 18432K, 84% used [0x00000007a0100000,0x00000007a1031d30,0x00000007a1300000)
  to   space 21504K, 0% used [0x000000079e900000,0x000000079e900000,0x000000079fe00000)
 ParOldGen       total 157184K, used 32154K [0x000000073f800000, 0x0000000749180000, 0x0000000795300000)
  object space 157184K, 20% used [0x000000073f800000,0x0000000741766aa0,0x0000000749180000)
 Metaspace       used 71383K, capacity 73880K, committed 74072K, reserved 1114112K
  class space    used 9316K, capacity 9851K, committed 9856K, reserved 1048576K
Event: 99.707 GC heap after
Heap after GC invocations=18 (full 3):
 PSYoungGen      total 175104K, used 19979K [0x0000000795300000, 0x00000007a2700000, 0x00000007c0000000)
  eden space 153600K, 0% used [0x0000000795300000,0x0000000795300000,0x000000079e900000)
  from space 21504K, 92% used [0x000000079e900000,0x000000079fc82d10,0x000000079fe00000)
  to   space 24064K, 0% used [0x00000007a0f80000,0x00000007a0f80000,0x00000007a2700000)
 ParOldGen       total 157184K, used 32162K [0x000000073f800000, 0x0000000749180000, 0x0000000795300000)
  object space 157184K, 20% used [0x000000073f800000,0x0000000741768aa0,0x0000000749180000)
 Metaspace       used 71383K, capacity 73880K, committed 74072K, reserved 1114112K
  class space    used 9316K, capacity 9851K, committed 9856K, reserved 1048576K
}
Event: 101.933 GC heap before
{Heap before GC invocations=19 (full 3):
 PSYoungGen      total 175104K, used 173579K [0x0000000795300000, 0x00000007a2700000, 0x00000007c0000000)
  eden space 153600K, 100% used [0x0000000795300000,0x000000079e900000,0x000000079e900000)
  from space 21504K, 92% used [0x000000079e900000,0x000000079fc82d10,0x000000079fe00000)
  to   space 24064K, 0% used [0x00000007a0f80000,0x00000007a0f80000,0x00000007a2700000)
 ParOldGen       total 157184K, used 32162K [0x000000073f800000, 0x0000000749180000, 0x0000000795300000)
  object space 157184K, 20% used [0x000000073f800000,0x0000000741768aa0,0x0000000749180000)
 Metaspace       used 74503K, capacity 77012K, committed 77144K, reserved 1116160K
  class space    used 9768K, capacity 10277K, committed 10368K, reserved 1048576K
Event: 101.950 GC heap after
Heap after GC invocations=19 (full 3):
 PSYoungGen      total 193024K, used 15052K [0x0000000795300000, 0x00000007a2700000, 0x00000007c0000000)
  eden space 168960K, 0% used [0x0000000795300000,0x0000000795300000,0x000000079f800000)
  from space 24064K, 62% used [0x00000007a0f80000,0x00000007a1e330f0,0x00000007a2700000)
  to   space 24064K, 0% used [0x000000079f800000,0x000000079f800000,0x00000007a0f80000)
 ParOldGen       total 157184K, used 32170K [0x000000073f800000, 0x0000000749180000, 0x0000000795300000)
  object space 157184K, 20% used [0x000000073f800000,0x000000074176aaa0,0x0000000749180000)
 Metaspace       used 74503K, capacity 77012K, committed 77144K, reserved 1116160K
  class space    used 9768K, capacity 10277K, committed 10368K, reserved 1048576K
}
Event: 106.244 GC heap before
{Heap before GC invocations=20 (full 3):
 PSYoungGen      total 193024K, used 184012K [0x0000000795300000, 0x00000007a2700000, 0x00000007c0000000)
  eden space 168960K, 100% used [0x0000000795300000,0x000000079f800000,0x000000079f800000)
  from space 24064K, 62% used [0x00000007a0f80000,0x00000007a1e330f0,0x00000007a2700000)
  to   space 24064K, 0% used [0x000000079f800000,0x000000079f800000,0x00000007a0f80000)
 ParOldGen       total 157184K, used 32170K [0x000000073f800000, 0x0000000749180000, 0x0000000795300000)
  object space 157184K, 20% used [0x000000073f800000,0x000000074176aaa0,0x0000000749180000)
 Metaspace       used 85612K, capacity 89628K, committed 89688K, reserved 1126400K
  class space    used 11354K, capacity 12113K, committed 12160K, reserved 1048576K
Event: 106.283 GC heap after
Heap after GC invocations=20 (full 3):
 PSYoungGen      total 193024K, used 24047K [0x0000000795300000, 0x00000007a3d00000, 0x00000007c0000000)
  eden space 168960K, 0% used [0x0000000795300000,0x0000000795300000,0x000000079f800000)
  from space 24064K, 99% used [0x000000079f800000,0x00000007a0f7bf58,0x00000007a0f80000)
  to   space 29696K, 0% used [0x00000007a2000000,0x00000007a2000000,0x00000007a3d00000)
 ParOldGen       total 157184K, used 38508K [0x000000073f800000, 0x0000000749180000, 0x0000000795300000)
  object space 157184K, 24% used [0x000000073f800000,0x0000000741d9b318,0x0000000749180000)
 Metaspace       used 85612K, capacity 89628K, committed 89688K, reserved 1126400K
  class space    used 11354K, capacity 12113K, committed 12160K, reserved 1048576K
}

