# JRE version: OpenJDK Runtime Environment (8.0_212-b04) (build 1.8.0_212-release-1586-b04)
# Java VM: OpenJDK 64-Bit Server VM (25.212-b04 mixed mode windows-amd64 compressed oops)
Heap:
 PSYoungGen      total 201216K, used 105809K [0x00000000e0000000, 0x00000000ef000000, 0x0000000100000000)
  eden space 178176K, 59% used [0x00000000e0000000,0x00000000e6754678,0x00000000eae00000)
  from space 23040K, 0% used [0x00000000eb380000,0x00000000eb380000,0x00000000eca00000)
  to   space 33792K, 0% used [0x00000000ecf00000,0x00000000ecf00000,0x00000000ef000000)
 ParOldGen       total 245248K, used 66427K [0x00000000a0000000, 0x00000000aef80000, 0x00000000e0000000)
  object space 245248K, 27% used [0x00000000a0000000,0x00000000a40ded88,0x00000000aef80000)
 Metaspace       used 101693K, capacity 106256K, committed 106368K, reserved 1140736K
  class space    used 13477K, capacity 14457K, committed 14464K, reserved 1048576K
GC Heap History (10 events):
Event: 25.431 GC heap before
{Heap before GC invocations=17 (full 3):
 PSYoungGen      total 172032K, used 168691K [0x00000000e0000000, 0x00000000ece00000, 0x0000000100000000)
  eden space 153600K, 100% used [0x00000000e0000000,0x00000000e9600000,0x00000000e9600000)
  from space 18432K, 81% used [0x00000000e9600000,0x00000000ea4bcc00,0x00000000ea800000)
  to   space 19456K, 0% used [0x00000000ebb00000,0x00000000ebb00000,0x00000000ece00000)
 ParOldGen       total 153600K, used 37188K [0x00000000a0000000, 0x00000000a9600000, 0x00000000e0000000)
  object space 153600K, 24% used [0x00000000a0000000,0x00000000a24511e8,0x00000000a9600000)
 Metaspace       used 71758K, capacity 75182K, committed 75392K, reserved 1114112K
  class space    used 9854K, capacity 10556K, committed 10624K, reserved 1048576K
Event: 25.459 GC heap after
Heap after GC invocations=17 (full 3):
 PSYoungGen      total 187904K, used 19451K [0x00000000e0000000, 0x00000000ed580000, 0x0000000100000000)
  eden space 168448K, 0% used [0x00000000e0000000,0x00000000e0000000,0x00000000ea480000)
  from space 19456K, 99% used [0x00000000ebb00000,0x00000000ecdfef58,0x00000000ece00000)
  to   space 23040K, 0% used [0x00000000ea480000,0x00000000ea480000,0x00000000ebb00000)
 ParOldGen       total 153600K, used 39688K [0x00000000a0000000, 0x00000000a9600000, 0x00000000e0000000)
  object space 153600K, 25% used [0x00000000a0000000,0x00000000a26c2078,0x00000000a9600000)
 Metaspace       used 71758K, capacity 75182K, committed 75392K, reserved 1114112K
  class space    used 9854K, capacity 10556K, committed 10624K, reserved 1048576K
}
Event: 415.672 GC heap before
{Heap before GC invocations=18 (full 3):
 PSYoungGen      total 187904K, used 187899K [0x00000000e0000000, 0x00000000ed580000, 0x0000000100000000)
  eden space 168448K, 100% used [0x00000000e0000000,0x00000000ea480000,0x00000000ea480000)
  from space 19456K, 99% used [0x00000000ebb00000,0x00000000ecdfef58,0x00000000ece00000)
  to   space 23040K, 0% used [0x00000000ea480000,0x00000000ea480000,0x00000000ebb00000)
 ParOldGen       total 153600K, used 39688K [0x00000000a0000000, 0x00000000a9600000, 0x00000000e0000000)
  object space 153600K, 25% used [0x00000000a0000000,0x00000000a26c2078,0x00000000a9600000)
 Metaspace       used 84252K, capacity 88198K, committed 88576K, reserved 1126400K
  class space    used 11327K, capacity 12162K, committed 12288K, reserved 1048576K
Event: 415.713 GC heap after
Heap after GC invocations=18 (full 3):
 PSYoungGen      total 191488K, used 23038K [0x00000000e0000000, 0x00000000ef280000, 0x0000000100000000)
  eden space 168448K, 0% used [0x00000000e0000000,0x00000000e0000000,0x00000000ea480000)
  from space 23040K, 99% used [0x00000000ea480000,0x00000000ebaffa00,0x00000000ebb00000)
  to   space 31744K, 0% used [0x00000000ed380000,0x00000000ed380000,0x00000000ef280000)
 ParOldGen       total 153600K, used 54020K [0x00000000a0000000, 0x00000000a9600000, 0x00000000e0000000)
  object space 153600K, 35% used [0x00000000a0000000,0x00000000a34c1248,0x00000000a9600000)
 Metaspace       used 84252K, capacity 88198K, committed 88576K, reserved 1126400K
  class space    used 11327K, capacity 12162K, committed 12288K, reserved 1048576K
}
Event: 419.036 GC heap before
{Heap before GC invocations=19 (full 3):
 PSYoungGen      total 191488K, used 191486K [0x00000000e0000000, 0x00000000ef280000, 0x0000000100000000)
  eden space 168448K, 100% used [0x00000000e0000000,0x00000000ea480000,0x00000000ea480000)
  from space 23040K, 99% used [0x00000000ea480000,0x00000000ebaffa00,0x00000000ebb00000)
  to   space 31744K, 0% used [0x00000000ed380000,0x00000000ed380000,0x00000000ef280000)
 ParOldGen       total 153600K, used 54020K [0x00000000a0000000, 0x00000000a9600000, 0x00000000e0000000)
  object space 153600K, 35% used [0x00000000a0000000,0x00000000a34c1248,0x00000000a9600000)
 Metaspace       used 89775K, capacity 94000K, committed 94336K, reserved 1130496K
  class space    used 12191K, capacity 13089K, committed 13184K, reserved 1048576K
Event: 419.083 GC heap after
Heap after GC invocations=19 (full 3):
 PSYoungGen      total 215552K, used 21446K [0x00000000e0000000, 0x00000000ef780000, 0x0000000100000000)
  eden space 183808K, 0% used [0x00000000e0000000,0x00000000e0000000,0x00000000eb380000)
  from space 31744K, 67% used [0x00000000ed380000,0x00000000ee871b40,0x00000000ef280000)
  to   space 32768K, 0% used [0x00000000eb380000,0x00000000eb380000,0x00000000ed380000)
 ParOldGen       total 153600K, used 70374K [0x00000000a0000000, 0x00000000a9600000, 0x00000000e0000000)
  object space 153600K, 45% used [0x00000000a0000000,0x00000000a44b9a38,0x00000000a9600000)
 Metaspace       used 89775K, capacity 94000K, committed 94336K, reserved 1130496K
  class space    used 12191K, capacity 13089K, committed 13184K, reserved 1048576K
}
Event: 926.768 GC heap before
{Heap before GC invocations=20 (full 3):
 PSYoungGen      total 215552K, used 93079K [0x00000000e0000000, 0x00000000ef780000, 0x0000000100000000)
  eden space 183808K, 38% used [0x00000000e0000000,0x00000000e45f4200,0x00000000eb380000)
  from space 31744K, 67% used [0x00000000ed380000,0x00000000ee871b40,0x00000000ef280000)
  to   space 32768K, 0% used [0x00000000eb380000,0x00000000eb380000,0x00000000ed380000)
 ParOldGen       total 153600K, used 70374K [0x00000000a0000000, 0x00000000a9600000, 0x00000000e0000000)
  object space 153600K, 45% used [0x00000000a0000000,0x00000000a44b9a38,0x00000000a9600000)
 Metaspace       used 93908K, capacity 98474K, committed 98560K, reserved 1134592K
  class space    used 12533K, capacity 13491K, committed 13568K, reserved 1048576K
Event: 926.784 GC heap after
Heap after GC invocations=20 (full 3):
 PSYoungGen      total 201216K, used 22754K [0x00000000e0000000, 0x00000000ef000000, 0x0000000100000000)
  eden space 178176K, 0% used [0x00000000e0000000,0x00000000e0000000,0x00000000eae00000)
  from space 23040K, 98% used [0x00000000eb380000,0x00000000ec9b8a10,0x00000000eca00000)
  to   space 33792K, 0% used [0x00000000ecf00000,0x00000000ecf00000,0x00000000ef000000)
 ParOldGen       total 153600K, used 70382K [0x00000000a0000000, 0x00000000a9600000, 0x00000000e0000000)
  object space 153600K, 45% used [0x00000000a0000000,0x00000000a44bba38,0x00000000a9600000)
 Metaspace       used 93908K, capacity 98474K, committed 98560K, reserved 1134592K
  class space    used 12533K, capacity 13491K, committed 13568K, reserved 1048576K
}
Event: 926.784 GC heap before
{Heap before GC invocations=21 (full 4):
 PSYoungGen      total 201216K, used 22754K [0x00000000e0000000, 0x00000000ef000000, 0x0000000100000000)
  eden space 178176K, 0% used [0x00000000e0000000,0x00000000e0000000,0x00000000eae00000)
  from space 23040K, 98% used [0x00000000eb380000,0x00000000ec9b8a10,0x00000000eca00000)
  to   space 33792K, 0% used [0x00000000ecf00000,0x00000000ecf00000,0x00000000ef000000)
 ParOldGen       total 153600K, used 70382K [0x00000000a0000000, 0x00000000a9600000, 0x00000000e0000000)
  object space 153600K, 45% used [0x00000000a0000000,0x00000000a44bba38,0x00000000a9600000)
 Metaspace       used 93908K, capacity 98474K, committed 98560K, reserved 1134592K
  class space    used 12533K, capacity 13491K, committed 13568K, reserved 1048576K
Event: 926.935 GC heap after
Heap after GC invocations=21 (full 4):
 PSYoungGen      total 201216K, used 0K [0x00000000e0000000, 0x00000000ef000000, 0x0000000100000000)
  eden space 178176K, 0% used [0x00000000e0000000,0x00000000e0000000,0x00000000eae00000)
  from space 23040K, 0% used [0x00000000eb380000,0x00000000eb380000,0x00000000eca00000)
  to   space 33792K, 0% used [0x00000000ecf00000,0x00000000ecf00000,0x00000000ef000000)
 ParOldGen       total 245248K, used 66427K [0x00000000a0000000, 0x00000000aef80000, 0x00000000e0000000)
  object space 245248K, 27% used [0x00000000a0000000,0x00000000a40ded88,0x00000000aef80000)
 Metaspace       used 93737K, capacity 97976K, committed 98560K, reserved 1134592K
  class space    used 12479K, capacity 13394K, committed 13568K, reserved 1048576K
}

