# JRE version: OpenJDK Runtime Environment (8.0_212-b04) (build 1.8.0_212-release-1586-b04)
# Java VM: OpenJDK 64-Bit Server VM (25.212-b04 mixed mode windows-amd64 compressed oops)
Heap:
 PSYoungGen      total 143360K, used 81768K [0x00000000e0000000, 0x00000000eb380000, 0x0000000100000000)
  eden space 125440K, 65% used [0x00000000e0000000,0x00000000e4fda380,0x00000000e7a80000)
  from space 17920K, 0% used [0x00000000ea200000,0x00000000ea200000,0x00000000eb380000)
  to   space 14336K, 0% used [0x00000000e7a80000,0x00000000e7a80000,0x00000000e8880000)
 ParOldGen       total 101888K, used 37589K [0x00000000a0000000, 0x00000000a6380000, 0x00000000e0000000)
  object space 101888K, 36% used [0x00000000a0000000,0x00000000a24b55d0,0x00000000a6380000)
 Metaspace       used 59351K, capacity 62040K, committed 62168K, reserved 1101824K
  class space    used 8248K, capacity 8802K, committed 8920K, reserved 1048576K
GC Heap History (10 events):
Event: 7.004 GC heap before
{Heap before GC invocations=11 (full 2):
 PSYoungGen      total 110080K, used 10956K [0x00000000e0000000, 0x00000000e9680000, 0x0000000100000000)
  eden space 98304K, 0% used [0x00000000e0000000,0x00000000e0000000,0x00000000e6000000)
  from space 11776K, 93% used [0x00000000e6000000,0x00000000e6ab33c0,0x00000000e6b80000)
  to   space 12800K, 0% used [0x00000000e8a00000,0x00000000e8a00000,0x00000000e9680000)
 ParOldGen       total 63488K, used 9586K [0x00000000a0000000, 0x00000000a3e00000, 0x00000000e0000000)
  object space 63488K, 15% used [0x00000000a0000000,0x00000000a095c998,0x00000000a3e00000)
 Metaspace       used 34558K, capacity 35400K, committed 35456K, reserved 1079296K
  class space    used 4757K, capacity 4977K, committed 4992K, reserved 1048576K
Event: 7.086 GC heap after
Heap after GC invocations=11 (full 2):
 PSYoungGen      total 110080K, used 0K [0x00000000e0000000, 0x00000000e9680000, 0x0000000100000000)
  eden space 98304K, 0% used [0x00000000e0000000,0x00000000e0000000,0x00000000e6000000)
  from space 11776K, 0% used [0x00000000e6000000,0x00000000e6000000,0x00000000e6b80000)
  to   space 12800K, 0% used [0x00000000e8a00000,0x00000000e8a00000,0x00000000e9680000)
 ParOldGen       total 101888K, used 17894K [0x00000000a0000000, 0x00000000a6380000, 0x00000000e0000000)
  object space 101888K, 17% used [0x00000000a0000000,0x00000000a1179ba0,0x00000000a6380000)
 Metaspace       used 34523K, capacity 35280K, committed 35456K, reserved 1079296K
  class space    used 4746K, capacity 4957K, committed 4992K, reserved 1048576K
}
Event: 8.746 GC heap before
{Heap before GC invocations=12 (full 2):
 PSYoungGen      total 110080K, used 97871K [0x00000000e0000000, 0x00000000e9680000, 0x0000000100000000)
  eden space 98304K, 99% used [0x00000000e0000000,0x00000000e5f93c70,0x00000000e6000000)
  from space 11776K, 0% used [0x00000000e6000000,0x00000000e6000000,0x00000000e6b80000)
  to   space 12800K, 0% used [0x00000000e8a00000,0x00000000e8a00000,0x00000000e9680000)
 ParOldGen       total 101888K, used 17894K [0x00000000a0000000, 0x00000000a6380000, 0x00000000e0000000)
  object space 101888K, 17% used [0x00000000a0000000,0x00000000a1179ba0,0x00000000a6380000)
 Metaspace       used 44618K, capacity 45662K, committed 45824K, reserved 1089536K
  class space    used 6026K, capacity 6317K, committed 6400K, reserved 1048576K
Event: 8.763 GC heap after
Heap after GC invocations=12 (full 2):
 PSYoungGen      total 133632K, used 12782K [0x00000000e0000000, 0x00000000e9680000, 0x0000000100000000)
  eden space 120832K, 0% used [0x00000000e0000000,0x00000000e0000000,0x00000000e7600000)
  from space 12800K, 99% used [0x00000000e8a00000,0x00000000e967b828,0x00000000e9680000)
  to   space 14336K, 0% used [0x00000000e7a80000,0x00000000e7a80000,0x00000000e8880000)
 ParOldGen       total 101888K, used 18549K [0x00000000a0000000, 0x00000000a6380000, 0x00000000e0000000)
  object space 101888K, 18% used [0x00000000a0000000,0x00000000a121d548,0x00000000a6380000)
 Metaspace       used 44618K, capacity 45662K, committed 45824K, reserved 1089536K
  class space    used 6026K, capacity 6317K, committed 6400K, reserved 1048576K
}
Event: 10.610 GC heap before
{Heap before GC invocations=13 (full 2):
 PSYoungGen      total 133632K, used 133614K [0x00000000e0000000, 0x00000000e9680000, 0x0000000100000000)
  eden space 120832K, 100% used [0x00000000e0000000,0x00000000e7600000,0x00000000e7600000)
  from space 12800K, 99% used [0x00000000e8a00000,0x00000000e967b828,0x00000000e9680000)
  to   space 14336K, 0% used [0x00000000e7a80000,0x00000000e7a80000,0x00000000e8880000)
 ParOldGen       total 101888K, used 18549K [0x00000000a0000000, 0x00000000a6380000, 0x00000000e0000000)
  object space 101888K, 18% used [0x00000000a0000000,0x00000000a121d548,0x00000000a6380000)
 Metaspace       used 52355K, capacity 53986K, committed 54272K, reserved 1095680K
  class space    used 7180K, capacity 7569K, committed 7680K, reserved 1048576K
Event: 10.630 GC heap after
Heap after GC invocations=13 (full 2):
 PSYoungGen      total 139776K, used 14332K [0x00000000e0000000, 0x00000000eb380000, 0x0000000100000000)
  eden space 125440K, 0% used [0x00000000e0000000,0x00000000e0000000,0x00000000e7a80000)
  from space 14336K, 99% used [0x00000000e7a80000,0x00000000e887f320,0x00000000e8880000)
  to   space 17920K, 0% used [0x00000000ea200000,0x00000000ea200000,0x00000000eb380000)
 ParOldGen       total 101888K, used 22902K [0x00000000a0000000, 0x00000000a6380000, 0x00000000e0000000)
  object space 101888K, 22% used [0x00000000a0000000,0x00000000a165da30,0x00000000a6380000)
 Metaspace       used 52355K, capacity 53986K, committed 54272K, reserved 1095680K
  class space    used 7180K, capacity 7569K, committed 7680K, reserved 1048576K
}
Event: 12.148 GC heap before
{Heap before GC invocations=14 (full 2):
 PSYoungGen      total 139776K, used 97446K [0x00000000e0000000, 0x00000000eb380000, 0x0000000100000000)
  eden space 125440K, 66% used [0x00000000e0000000,0x00000000e512a870,0x00000000e7a80000)
  from space 14336K, 99% used [0x00000000e7a80000,0x00000000e887f320,0x00000000e8880000)
  to   space 17920K, 0% used [0x00000000ea200000,0x00000000ea200000,0x00000000eb380000)
 ParOldGen       total 101888K, used 22902K [0x00000000a0000000, 0x00000000a6380000, 0x00000000e0000000)
  object space 101888K, 22% used [0x00000000a0000000,0x00000000a165da30,0x00000000a6380000)
 Metaspace       used 57191K, capacity 59012K, committed 59096K, reserved 1099776K
  class space    used 7894K, capacity 8384K, committed 8408K, reserved 1048576K
Event: 12.175 GC heap after
Heap after GC invocations=14 (full 2):
 PSYoungGen      total 143360K, used 17901K [0x00000000e0000000, 0x00000000eb380000, 0x0000000100000000)
  eden space 125440K, 0% used [0x00000000e0000000,0x00000000e0000000,0x00000000e7a80000)
  from space 17920K, 99% used [0x00000000ea200000,0x00000000eb37b7e0,0x00000000eb380000)
  to   space 14336K, 0% used [0x00000000e7a80000,0x00000000e7a80000,0x00000000e8880000)
 ParOldGen       total 101888K, used 27658K [0x00000000a0000000, 0x00000000a6380000, 0x00000000e0000000)
  object space 101888K, 27% used [0x00000000a0000000,0x00000000a1b02bc0,0x00000000a6380000)
 Metaspace       used 57191K, capacity 59012K, committed 59096K, reserved 1099776K
  class space    used 7894K, capacity 8384K, committed 8408K, reserved 1048576K
}
Event: 12.175 GC heap before
{Heap before GC invocations=15 (full 3):
 PSYoungGen      total 143360K, used 17901K [0x00000000e0000000, 0x00000000eb380000, 0x0000000100000000)
  eden space 125440K, 0% used [0x00000000e0000000,0x00000000e0000000,0x00000000e7a80000)
  from space 17920K, 99% used [0x00000000ea200000,0x00000000eb37b7e0,0x00000000eb380000)
  to   space 14336K, 0% used [0x00000000e7a80000,0x00000000e7a80000,0x00000000e8880000)
 ParOldGen       total 101888K, used 27658K [0x00000000a0000000, 0x00000000a6380000, 0x00000000e0000000)
  object space 101888K, 27% used [0x00000000a0000000,0x00000000a1b02bc0,0x00000000a6380000)
 Metaspace       used 57191K, capacity 59012K, committed 59096K, reserved 1099776K
  class space    used 7894K, capacity 8384K, committed 8408K, reserved 1048576K
Event: 12.640 GC heap after
Heap after GC invocations=15 (full 3):
 PSYoungGen      total 143360K, used 0K [0x00000000e0000000, 0x00000000eb380000, 0x0000000100000000)
  eden space 125440K, 0% used [0x00000000e0000000,0x00000000e0000000,0x00000000e7a80000)
  from space 17920K, 0% used [0x00000000ea200000,0x00000000ea200000,0x00000000eb380000)
  to   space 14336K, 0% used [0x00000000e7a80000,0x00000000e7a80000,0x00000000e8880000)
 ParOldGen       total 101888K, used 37589K [0x00000000a0000000, 0x00000000a6380000, 0x00000000e0000000)
  object space 101888K, 36% used [0x00000000a0000000,0x00000000a24b55d0,0x00000000a6380000)
 Metaspace       used 57191K, capacity 59012K, committed 59096K, reserved 1099776K
  class space    used 7894K, capacity 8384K, committed 8408K, reserved 1048576K
}

