# JRE version: OpenJDK Runtime Environment (8.0_212-b04) (build 1.8.0_212-release-1586-b04)
# Java VM: OpenJDK 64-Bit Server VM (25.212-b04 mixed mode windows-amd64 compressed oops)
Heap:
 PSYoungGen      total 388096K, used 198513K [0x0000000795300000, 0x00000007b8100000, 0x00000007c0000000)
  eden space 293888K, 47% used [0x0000000795300000,0x000000079da62370,0x00000007a7200000)
  from space 94208K, 63% used [0x00000007ae780000,0x00000007b21fa2b8,0x00000007b4380000)
  to   space 120320K, 0% used [0x00000007a7200000,0x00000007a7200000,0x00000007ae780000)
 ParOldGen       total 332800K, used 114340K [0x000000073f800000, 0x0000000753d00000, 0x0000000795300000)
  object space 332800K, 34% used [0x000000073f800000,0x00000007467a9290,0x0000000753d00000)
 Metaspace       used 108025K, capacity 115472K, committed 118016K, reserved 1150976K
  class space    used 13969K, capacity 15387K, committed 15872K, reserved 1048576K
GC Heap History (10 events):
Event: 6500.415 GC heap before
{Heap before GC invocations=39 (full 4):
 PSYoungGen      total 385024K, used 361332K [0x0000000795300000, 0x00000007b2c00000, 0x00000007c0000000)
  eden space 294912K, 100% used [0x0000000795300000,0x00000007a7300000,0x00000007a7300000)
  from space 90112K, 73% used [0x00000007acf80000,0x00000007b105d088,0x00000007b2780000)
  to   space 94720K, 0% used [0x00000007a7300000,0x00000007a7300000,0x00000007acf80000)
 ParOldGen       total 239104K, used 201010K [0x000000073f800000, 0x000000074e180000, 0x0000000795300000)
  object space 239104K, 84% used [0x000000073f800000,0x000000074bc4cae8,0x000000074e180000)
 Metaspace       used 108914K, capacity 117590K, committed 117760K, reserved 1150976K
  class space    used 14213K, capacity 15811K, committed 15872K, reserved 1048576K
Event: 6500.476 GC heap after
Heap after GC invocations=39 (full 4):
 PSYoungGen      total 389632K, used 55625K [0x0000000795300000, 0x00000007b4380000, 0x00000007c0000000)
  eden space 294912K, 0% used [0x0000000795300000,0x0000000795300000,0x00000007a7300000)
  from space 94720K, 58% used [0x00000007a7300000,0x00000007aa952758,0x00000007acf80000)
  to   space 94208K, 0% used [0x00000007ae780000,0x00000007ae780000,0x00000007b4380000)
 ParOldGen       total 239104K, used 201018K [0x000000073f800000, 0x000000074e180000, 0x0000000795300000)
  object space 239104K, 84% used [0x000000073f800000,0x000000074bc4eae8,0x000000074e180000)
 Metaspace       used 108914K, capacity 117590K, committed 117760K, reserved 1150976K
  class space    used 14213K, capacity 15811K, committed 15872K, reserved 1048576K
}
Event: 6501.620 GC heap before
{Heap before GC invocations=40 (full 4):
 PSYoungGen      total 389632K, used 346629K [0x0000000795300000, 0x00000007b4380000, 0x00000007c0000000)
  eden space 294912K, 98% used [0x0000000795300000,0x00000007a6f2f058,0x00000007a7300000)
  from space 94720K, 58% used [0x00000007a7300000,0x00000007aa952758,0x00000007acf80000)
  to   space 94208K, 0% used [0x00000007ae780000,0x00000007ae780000,0x00000007b4380000)
 ParOldGen       total 239104K, used 201018K [0x000000073f800000, 0x000000074e180000, 0x0000000795300000)
  object space 239104K, 84% used [0x000000073f800000,0x000000074bc4eae8,0x000000074e180000)
 Metaspace       used 108985K, capacity 117598K, committed 117760K, reserved 1150976K
  class space    used 14213K, capacity 15811K, committed 15872K, reserved 1048576K
Event: 6501.690 GC heap after
Heap after GC invocations=40 (full 4):
 PSYoungGen      total 389120K, used 94183K [0x0000000795300000, 0x00000007b4380000, 0x00000007c0000000)
  eden space 294912K, 0% used [0x0000000795300000,0x0000000795300000,0x00000007a7300000)
  from space 94208K, 99% used [0x00000007ae780000,0x00000007b4379da8,0x00000007b4380000)
  to   space 94720K, 0% used [0x00000007a7300000,0x00000007a7300000,0x00000007acf80000)
 ParOldGen       total 239104K, used 209369K [0x000000073f800000, 0x000000074e180000, 0x0000000795300000)
  object space 239104K, 87% used [0x000000073f800000,0x000000074c476718,0x000000074e180000)
 Metaspace       used 108985K, capacity 117598K, committed 117760K, reserved 1150976K
  class space    used 14213K, capacity 15811K, committed 15872K, reserved 1048576K
}
Event: 6508.362 GC heap before
{Heap before GC invocations=41 (full 4):
 PSYoungGen      total 389120K, used 389095K [0x0000000795300000, 0x00000007b4380000, 0x00000007c0000000)
  eden space 294912K, 100% used [0x0000000795300000,0x00000007a7300000,0x00000007a7300000)
  from space 94208K, 99% used [0x00000007ae780000,0x00000007b4379da8,0x00000007b4380000)
  to   space 94720K, 0% used [0x00000007a7300000,0x00000007a7300000,0x00000007acf80000)
 ParOldGen       total 239104K, used 209369K [0x000000073f800000, 0x000000074e180000, 0x0000000795300000)
  object space 239104K, 87% used [0x000000073f800000,0x000000074c476718,0x000000074e180000)
 Metaspace       used 109136K, capacity 117820K, committed 118016K, reserved 1150976K
  class space    used 14216K, capacity 15816K, committed 15872K, reserved 1048576K
Event: 6508.447 GC heap after
Heap after GC invocations=41 (full 4):
 PSYoungGen      total 389632K, used 94705K [0x0000000795300000, 0x00000007b4380000, 0x00000007c0000000)
  eden space 294912K, 0% used [0x0000000795300000,0x0000000795300000,0x00000007a7300000)
  from space 94720K, 99% used [0x00000007a7300000,0x00000007acf7c488,0x00000007acf80000)
  to   space 94208K, 0% used [0x00000007ae780000,0x00000007ae780000,0x00000007b4380000)
 ParOldGen       total 239104K, used 221308K [0x000000073f800000, 0x000000074e180000, 0x0000000795300000)
  object space 239104K, 92% used [0x000000073f800000,0x000000074d01f158,0x000000074e180000)
 Metaspace       used 109136K, capacity 117820K, committed 118016K, reserved 1150976K
  class space    used 14216K, capacity 15816K, committed 15872K, reserved 1048576K
}
Event: 6508.447 GC heap before
{Heap before GC invocations=42 (full 5):
 PSYoungGen      total 389632K, used 94705K [0x0000000795300000, 0x00000007b4380000, 0x00000007c0000000)
  eden space 294912K, 0% used [0x0000000795300000,0x0000000795300000,0x00000007a7300000)
  from space 94720K, 99% used [0x00000007a7300000,0x00000007acf7c488,0x00000007acf80000)
  to   space 94208K, 0% used [0x00000007ae780000,0x00000007ae780000,0x00000007b4380000)
 ParOldGen       total 239104K, used 221308K [0x000000073f800000, 0x000000074e180000, 0x0000000795300000)
  object space 239104K, 92% used [0x000000073f800000,0x000000074d01f158,0x000000074e180000)
 Metaspace       used 109136K, capacity 117820K, committed 118016K, reserved 1150976K
  class space    used 14216K, capacity 15816K, committed 15872K, reserved 1048576K
Event: 6508.817 GC heap after
Heap after GC invocations=42 (full 5):
 PSYoungGen      total 389632K, used 0K [0x0000000795300000, 0x00000007b4380000, 0x00000007c0000000)
  eden space 294912K, 0% used [0x0000000795300000,0x0000000795300000,0x00000007a7300000)
  from space 94720K, 0% used [0x00000007a7300000,0x00000007a7300000,0x00000007acf80000)
  to   space 94208K, 0% used [0x00000007ae780000,0x00000007ae780000,0x00000007b4380000)
 ParOldGen       total 332800K, used 114332K [0x000000073f800000, 0x0000000753d00000, 0x0000000795300000)
  object space 332800K, 34% used [0x000000073f800000,0x00000007467a7290,0x0000000753d00000)
 Metaspace       used 107151K, capacity 114408K, committed 118016K, reserved 1150976K
  class space    used 13838K, capacity 15191K, committed 15872K, reserved 1048576K
}
Event: 6605.137 GC heap before
{Heap before GC invocations=43 (full 5):
 PSYoungGen      total 389632K, used 294912K [0x0000000795300000, 0x00000007b4380000, 0x00000007c0000000)
  eden space 294912K, 100% used [0x0000000795300000,0x00000007a7300000,0x00000007a7300000)
  from space 94720K, 0% used [0x00000007a7300000,0x00000007a7300000,0x00000007acf80000)
  to   space 94208K, 0% used [0x00000007ae780000,0x00000007ae780000,0x00000007b4380000)
 ParOldGen       total 332800K, used 114332K [0x000000073f800000, 0x0000000753d00000, 0x0000000795300000)
  object space 332800K, 34% used [0x000000073f800000,0x00000007467a7290,0x0000000753d00000)
 Metaspace       used 107385K, capacity 114722K, committed 118016K, reserved 1150976K
  class space    used 13863K, capacity 15242K, committed 15872K, reserved 1048576K
Event: 6605.189 GC heap after
Heap after GC invocations=43 (full 5):
 PSYoungGen      total 388096K, used 59880K [0x0000000795300000, 0x00000007b8100000, 0x00000007c0000000)
  eden space 293888K, 0% used [0x0000000795300000,0x0000000795300000,0x00000007a7200000)
  from space 94208K, 63% used [0x00000007ae780000,0x00000007b21fa2b8,0x00000007b4380000)
  to   space 120320K, 0% used [0x00000007a7200000,0x00000007a7200000,0x00000007ae780000)
 ParOldGen       total 332800K, used 114340K [0x000000073f800000, 0x0000000753d00000, 0x0000000795300000)
  object space 332800K, 34% used [0x000000073f800000,0x00000007467a9290,0x0000000753d00000)
 Metaspace       used 107385K, capacity 114722K, committed 118016K, reserved 1150976K
  class space    used 13863K, capacity 15242K, committed 15872K, reserved 1048576K
}

