# JRE version: OpenJDK Runtime Environment (8.0_212-b04) (build 1.8.0_212-release-1586-b04)
# Java VM: OpenJDK 64-Bit Server VM (25.212-b04 mixed mode windows-amd64 compressed oops)
Heap:
 PSYoungGen      total 211456K, used 157989K [0x00000000e0000000, 0x00000000f0380000, 0x0000000100000000)
  eden space 183296K, 70% used [0x00000000e0000000,0x00000000e7ecc3b0,0x00000000eb300000)
  from space 28160K, 99% used [0x00000000eb300000,0x00000000ece7d110,0x00000000ece80000)
  to   space 35328K, 0% used [0x00000000ee100000,0x00000000ee100000,0x00000000f0380000)
 ParOldGen       total 155136K, used 53551K [0x00000000a0000000, 0x00000000a9780000, 0x00000000e0000000)
  object space 155136K, 34% used [0x00000000a0000000,0x00000000a344bdc8,0x00000000a9780000)
 Metaspace       used 81912K, capacity 86054K, committed 86232K, reserved 1124352K
  class space    used 10755K, capacity 11627K, committed 11736K, reserved 1048576K
GC Heap History (10 events):
Event: 18.207 GC heap before
{Heap before GC invocations=16 (full 3):
 PSYoungGen      total 170496K, used 154112K [0x00000000e0000000, 0x00000000ec400000, 0x0000000100000000)
  eden space 154112K, 100% used [0x00000000e0000000,0x00000000e9680000,0x00000000e9680000)
  from space 16384K, 0% used [0x00000000ea880000,0x00000000ea880000,0x00000000eb880000)
  to   space 18432K, 0% used [0x00000000e9680000,0x00000000e9680000,0x00000000ea880000)
 ParOldGen       total 155136K, used 36874K [0x00000000a0000000, 0x00000000a9780000, 0x00000000e0000000)
  object space 155136K, 23% used [0x00000000a0000000,0x00000000a2402980,0x00000000a9780000)
 Metaspace       used 61266K, capacity 63968K, committed 64088K, reserved 1103872K
  class space    used 8461K, capacity 9038K, committed 9048K, reserved 1048576K
Event: 18.221 GC heap after
Heap after GC invocations=16 (full 3):
 PSYoungGen      total 172544K, used 12408K [0x00000000e0000000, 0x00000000ecd80000, 0x0000000100000000)
  eden space 154112K, 0% used [0x00000000e0000000,0x00000000e0000000,0x00000000e9680000)
  from space 18432K, 67% used [0x00000000e9680000,0x00000000ea29e318,0x00000000ea880000)
  to   space 18432K, 0% used [0x00000000ebb80000,0x00000000ebb80000,0x00000000ecd80000)
 ParOldGen       total 155136K, used 36882K [0x00000000a0000000, 0x00000000a9780000, 0x00000000e0000000)
  object space 155136K, 23% used [0x00000000a0000000,0x00000000a2404980,0x00000000a9780000)
 Metaspace       used 61266K, capacity 63968K, committed 64088K, reserved 1103872K
  class space    used 8461K, capacity 9038K, committed 9048K, reserved 1048576K
}
Event: 22.943 GC heap before
{Heap before GC invocations=17 (full 3):
 PSYoungGen      total 172544K, used 166520K [0x00000000e0000000, 0x00000000ecd80000, 0x0000000100000000)
  eden space 154112K, 100% used [0x00000000e0000000,0x00000000e9680000,0x00000000e9680000)
  from space 18432K, 67% used [0x00000000e9680000,0x00000000ea29e318,0x00000000ea880000)
  to   space 18432K, 0% used [0x00000000ebb80000,0x00000000ebb80000,0x00000000ecd80000)
 ParOldGen       total 155136K, used 36882K [0x00000000a0000000, 0x00000000a9780000, 0x00000000e0000000)
  object space 155136K, 23% used [0x00000000a0000000,0x00000000a2404980,0x00000000a9780000)
 Metaspace       used 64762K, capacity 67566K, committed 67800K, reserved 1107968K
  class space    used 8794K, capacity 9415K, committed 9432K, reserved 1048576K
Event: 22.972 GC heap after
Heap after GC invocations=17 (full 3):
 PSYoungGen      total 190464K, used 15118K [0x00000000e0000000, 0x00000000ece00000, 0x0000000100000000)
  eden space 172032K, 0% used [0x00000000e0000000,0x00000000e0000000,0x00000000ea800000)
  from space 18432K, 82% used [0x00000000ebb80000,0x00000000eca43840,0x00000000ecd80000)
  to   space 19456K, 0% used [0x00000000ea800000,0x00000000ea800000,0x00000000ebb00000)
 ParOldGen       total 155136K, used 36890K [0x00000000a0000000, 0x00000000a9780000, 0x00000000e0000000)
  object space 155136K, 23% used [0x00000000a0000000,0x00000000a2406980,0x00000000a9780000)
 Metaspace       used 64762K, capacity 67566K, committed 67800K, reserved 1107968K
  class space    used 8794K, capacity 9415K, committed 9432K, reserved 1048576K
}
Event: 49.391 GC heap before
{Heap before GC invocations=18 (full 3):
 PSYoungGen      total 190464K, used 187150K [0x00000000e0000000, 0x00000000ece00000, 0x0000000100000000)
  eden space 172032K, 100% used [0x00000000e0000000,0x00000000ea800000,0x00000000ea800000)
  from space 18432K, 82% used [0x00000000ebb80000,0x00000000eca43840,0x00000000ecd80000)
  to   space 19456K, 0% used [0x00000000ea800000,0x00000000ea800000,0x00000000ebb00000)
 ParOldGen       total 155136K, used 36890K [0x00000000a0000000, 0x00000000a9780000, 0x00000000e0000000)
  object space 155136K, 23% used [0x00000000a0000000,0x00000000a2406980,0x00000000a9780000)
 Metaspace       used 73897K, capacity 77286K, committed 77528K, reserved 1116160K
  class space    used 9742K, capacity 10453K, committed 10456K, reserved 1048576K
Event: 49.419 GC heap after
Heap after GC invocations=18 (full 3):
 PSYoungGen      total 191488K, used 19451K [0x00000000e0000000, 0x00000000ee500000, 0x0000000100000000)
  eden space 172032K, 0% used [0x00000000e0000000,0x00000000e0000000,0x00000000ea800000)
  from space 19456K, 99% used [0x00000000ea800000,0x00000000ebafef70,0x00000000ebb00000)
  to   space 23040K, 0% used [0x00000000ece80000,0x00000000ece80000,0x00000000ee500000)
 ParOldGen       total 155136K, used 39588K [0x00000000a0000000, 0x00000000a9780000, 0x00000000e0000000)
  object space 155136K, 25% used [0x00000000a0000000,0x00000000a26a9170,0x00000000a9780000)
 Metaspace       used 73897K, capacity 77286K, committed 77528K, reserved 1116160K
  class space    used 9742K, capacity 10453K, committed 10456K, reserved 1048576K
}
Event: 51.797 GC heap before
{Heap before GC invocations=19 (full 3):
 PSYoungGen      total 191488K, used 191483K [0x00000000e0000000, 0x00000000ee500000, 0x0000000100000000)
  eden space 172032K, 100% used [0x00000000e0000000,0x00000000ea800000,0x00000000ea800000)
  from space 19456K, 99% used [0x00000000ea800000,0x00000000ebafef70,0x00000000ebb00000)
  to   space 23040K, 0% used [0x00000000ece80000,0x00000000ece80000,0x00000000ee500000)
 ParOldGen       total 155136K, used 39588K [0x00000000a0000000, 0x00000000a9780000, 0x00000000e0000000)
  object space 155136K, 25% used [0x00000000a0000000,0x00000000a26a9170,0x00000000a9780000)
 Metaspace       used 79316K, capacity 83028K, committed 83288K, reserved 1122304K
  class space    used 10507K, capacity 11292K, committed 11352K, reserved 1048576K
Event: 51.823 GC heap after
Heap after GC invocations=19 (full 3):
 PSYoungGen      total 206336K, used 23020K [0x00000000e0000000, 0x00000000ef100000, 0x0000000100000000)
  eden space 183296K, 0% used [0x00000000e0000000,0x00000000e0000000,0x00000000eb300000)
  from space 23040K, 99% used [0x00000000ece80000,0x00000000ee4fb140,0x00000000ee500000)
  to   space 28160K, 0% used [0x00000000eb300000,0x00000000eb300000,0x00000000ece80000)
 ParOldGen       total 155136K, used 44239K [0x00000000a0000000, 0x00000000a9780000, 0x00000000e0000000)
  object space 155136K, 28% used [0x00000000a0000000,0x00000000a2b33e50,0x00000000a9780000)
 Metaspace       used 79316K, capacity 83028K, committed 83288K, reserved 1122304K
  class space    used 10507K, capacity 11292K, committed 11352K, reserved 1048576K
}
Event: 59.617 GC heap before
{Heap before GC invocations=20 (full 3):
 PSYoungGen      total 206336K, used 206316K [0x00000000e0000000, 0x00000000ef100000, 0x0000000100000000)
  eden space 183296K, 100% used [0x00000000e0000000,0x00000000eb300000,0x00000000eb300000)
  from space 23040K, 99% used [0x00000000ece80000,0x00000000ee4fb140,0x00000000ee500000)
  to   space 28160K, 0% used [0x00000000eb300000,0x00000000eb300000,0x00000000ece80000)
 ParOldGen       total 155136K, used 44239K [0x00000000a0000000, 0x00000000a9780000, 0x00000000e0000000)
  object space 155136K, 28% used [0x00000000a0000000,0x00000000a2b33e50,0x00000000a9780000)
 Metaspace       used 81746K, capacity 85894K, committed 86232K, reserved 1124352K
  class space    used 10752K, capacity 11623K, committed 11736K, reserved 1048576K
Event: 59.649 GC heap after
Heap after GC invocations=20 (full 3):
 PSYoungGen      total 211456K, used 28148K [0x00000000e0000000, 0x00000000f0380000, 0x0000000100000000)
  eden space 183296K, 0% used [0x00000000e0000000,0x00000000e0000000,0x00000000eb300000)
  from space 28160K, 99% used [0x00000000eb300000,0x00000000ece7d110,0x00000000ece80000)
  to   space 35328K, 0% used [0x00000000ee100000,0x00000000ee100000,0x00000000f0380000)
 ParOldGen       total 155136K, used 53551K [0x00000000a0000000, 0x00000000a9780000, 0x00000000e0000000)
  object space 155136K, 34% used [0x00000000a0000000,0x00000000a344bdc8,0x00000000a9780000)
 Metaspace       used 81746K, capacity 85894K, committed 86232K, reserved 1124352K
  class space    used 10752K, capacity 11623K, committed 11736K, reserved 1048576K
}

