# JRE version: OpenJDK Runtime Environment (8.0_212-b04) (build 1.8.0_212-release-1586-b04)
# Java VM: OpenJDK 64-Bit Server VM (25.212-b04 mixed mode windows-amd64 compressed oops)
Heap:
 PSYoungGen      total 183808K, used 86841K [0x00000000e0000000, 0x00000000ed500000, 0x0000000100000000)
  eden space 166400K, 41% used [0x00000000e0000000,0x00000000e43d5a20,0x00000000ea280000)
  from space 17408K, 99% used [0x00000000eb900000,0x00000000ec9f8bb0,0x00000000eca00000)
  to   space 23040K, 0% used [0x00000000ea280000,0x00000000ea280000,0x00000000eb900000)
 ParOldGen       total 161280K, used 46739K [0x00000000a0000000, 0x00000000a9d80000, 0x00000000e0000000)
  object space 161280K, 28% used [0x00000000a0000000,0x00000000a2da4cf8,0x00000000a9d80000)
 Metaspace       used 65837K, capacity 68738K, committed 68952K, reserved 1107968K
  class space    used 8945K, capacity 9533K, committed 9560K, reserved 1048576K
GC Heap History (10 events):
Event: 11.715 GC heap before
{Heap before GC invocations=13 (full 2):
 PSYoungGen      total 135680K, used 135665K [0x00000000e0000000, 0x00000000e9a00000, 0x0000000100000000)
  eden space 122880K, 100% used [0x00000000e0000000,0x00000000e7800000,0x00000000e7800000)
  from space 12800K, 99% used [0x00000000e8d80000,0x00000000e99fc518,0x00000000e9a00000)
  to   space 14848K, 0% used [0x00000000e7d00000,0x00000000e7d00000,0x00000000e8b80000)
 ParOldGen       total 100864K, used 18975K [0x00000000a0000000, 0x00000000a6280000, 0x00000000e0000000)
  object space 100864K, 18% used [0x00000000a0000000,0x00000000a1287dd0,0x00000000a6280000)
 Metaspace       used 52814K, capacity 54376K, committed 54528K, reserved 1095680K
  class space    used 7243K, capacity 7634K, committed 7680K, reserved 1048576K
Event: 11.741 GC heap after
Heap after GC invocations=13 (full 2):
 PSYoungGen      total 142848K, used 14845K [0x00000000e0000000, 0x00000000eb700000, 0x0000000100000000)
  eden space 128000K, 0% used [0x00000000e0000000,0x00000000e0000000,0x00000000e7d00000)
  from space 14848K, 99% used [0x00000000e7d00000,0x00000000e8b7f4f0,0x00000000e8b80000)
  to   space 17920K, 0% used [0x00000000ea580000,0x00000000ea580000,0x00000000eb700000)
 ParOldGen       total 100864K, used 23312K [0x00000000a0000000, 0x00000000a6280000, 0x00000000e0000000)
  object space 100864K, 23% used [0x00000000a0000000,0x00000000a16c4108,0x00000000a6280000)
 Metaspace       used 52814K, capacity 54376K, committed 54528K, reserved 1095680K
  class space    used 7243K, capacity 7634K, committed 7680K, reserved 1048576K
}
Event: 13.183 GC heap before
{Heap before GC invocations=14 (full 2):
 PSYoungGen      total 142848K, used 90275K [0x00000000e0000000, 0x00000000eb700000, 0x0000000100000000)
  eden space 128000K, 58% used [0x00000000e0000000,0x00000000e49a9a58,0x00000000e7d00000)
  from space 14848K, 99% used [0x00000000e7d00000,0x00000000e8b7f4f0,0x00000000e8b80000)
  to   space 17920K, 0% used [0x00000000ea580000,0x00000000ea580000,0x00000000eb700000)
 ParOldGen       total 100864K, used 23312K [0x00000000a0000000, 0x00000000a6280000, 0x00000000e0000000)
  object space 100864K, 23% used [0x00000000a0000000,0x00000000a16c4108,0x00000000a6280000)
 Metaspace       used 57218K, capacity 59012K, committed 59096K, reserved 1099776K
  class space    used 7893K, capacity 8384K, committed 8408K, reserved 1048576K
Event: 13.208 GC heap after
Heap after GC invocations=14 (full 2):
 PSYoungGen      total 169984K, used 8641K [0x00000000e0000000, 0x00000000ebe80000, 0x0000000100000000)
  eden space 152064K, 0% used [0x00000000e0000000,0x00000000e0000000,0x00000000e9480000)
  from space 17920K, 48% used [0x00000000ea580000,0x00000000eadf0620,0x00000000eb700000)
  to   space 17408K, 0% used [0x00000000e9480000,0x00000000e9480000,0x00000000ea580000)
 ParOldGen       total 100864K, used 37082K [0x00000000a0000000, 0x00000000a6280000, 0x00000000e0000000)
  object space 100864K, 36% used [0x00000000a0000000,0x00000000a2436a10,0x00000000a6280000)
 Metaspace       used 57218K, capacity 59012K, committed 59096K, reserved 1099776K
  class space    used 7893K, capacity 8384K, committed 8408K, reserved 1048576K
}
Event: 13.208 GC heap before
{Heap before GC invocations=15 (full 3):
 PSYoungGen      total 169984K, used 8641K [0x00000000e0000000, 0x00000000ebe80000, 0x0000000100000000)
  eden space 152064K, 0% used [0x00000000e0000000,0x00000000e0000000,0x00000000e9480000)
  from space 17920K, 48% used [0x00000000ea580000,0x00000000eadf0620,0x00000000eb700000)
  to   space 17408K, 0% used [0x00000000e9480000,0x00000000e9480000,0x00000000ea580000)
 ParOldGen       total 100864K, used 37082K [0x00000000a0000000, 0x00000000a6280000, 0x00000000e0000000)
  object space 100864K, 36% used [0x00000000a0000000,0x00000000a2436a10,0x00000000a6280000)
 Metaspace       used 57218K, capacity 59012K, committed 59096K, reserved 1099776K
  class space    used 7893K, capacity 8384K, committed 8408K, reserved 1048576K
Event: 13.683 GC heap after
Heap after GC invocations=15 (full 3):
 PSYoungGen      total 169984K, used 0K [0x00000000e0000000, 0x00000000ebe80000, 0x0000000100000000)
  eden space 152064K, 0% used [0x00000000e0000000,0x00000000e0000000,0x00000000e9480000)
  from space 17920K, 0% used [0x00000000ea580000,0x00000000ea580000,0x00000000eb700000)
  to   space 17408K, 0% used [0x00000000e9480000,0x00000000e9480000,0x00000000ea580000)
 ParOldGen       total 161280K, used 37176K [0x00000000a0000000, 0x00000000a9d80000, 0x00000000e0000000)
  object space 161280K, 23% used [0x00000000a0000000,0x00000000a244e368,0x00000000a9d80000)
 Metaspace       used 57218K, capacity 59012K, committed 59096K, reserved 1099776K
  class space    used 7893K, capacity 8384K, committed 8408K, reserved 1048576K
}
Event: 15.810 GC heap before
{Heap before GC invocations=16 (full 3):
 PSYoungGen      total 169984K, used 152064K [0x00000000e0000000, 0x00000000ebe80000, 0x0000000100000000)
  eden space 152064K, 100% used [0x00000000e0000000,0x00000000e9480000,0x00000000e9480000)
  from space 17920K, 0% used [0x00000000ea580000,0x00000000ea580000,0x00000000eb700000)
  to   space 17408K, 0% used [0x00000000e9480000,0x00000000e9480000,0x00000000ea580000)
 ParOldGen       total 161280K, used 37176K [0x00000000a0000000, 0x00000000a9d80000, 0x00000000e0000000)
  object space 161280K, 23% used [0x00000000a0000000,0x00000000a244e368,0x00000000a9d80000)
 Metaspace       used 60372K, capacity 63098K, committed 63192K, reserved 1103872K
  class space    used 8335K, capacity 8903K, committed 8920K, reserved 1048576K
Event: 15.822 GC heap after
Heap after GC invocations=16 (full 3):
 PSYoungGen      total 169472K, used 11283K [0x00000000e0000000, 0x00000000eca00000, 0x0000000100000000)
  eden space 152064K, 0% used [0x00000000e0000000,0x00000000e0000000,0x00000000e9480000)
  from space 17408K, 64% used [0x00000000e9480000,0x00000000e9f84ee8,0x00000000ea580000)
  to   space 17408K, 0% used [0x00000000eb900000,0x00000000eb900000,0x00000000eca00000)
 ParOldGen       total 161280K, used 37184K [0x00000000a0000000, 0x00000000a9d80000, 0x00000000e0000000)
  object space 161280K, 23% used [0x00000000a0000000,0x00000000a2450368,0x00000000a9d80000)
 Metaspace       used 60372K, capacity 63098K, committed 63192K, reserved 1103872K
  class space    used 8335K, capacity 8903K, committed 8920K, reserved 1048576K
}
Event: 18.458 GC heap before
{Heap before GC invocations=17 (full 3):
 PSYoungGen      total 169472K, used 163347K [0x00000000e0000000, 0x00000000eca00000, 0x0000000100000000)
  eden space 152064K, 100% used [0x00000000e0000000,0x00000000e9480000,0x00000000e9480000)
  from space 17408K, 64% used [0x00000000e9480000,0x00000000e9f84ee8,0x00000000ea580000)
  to   space 17408K, 0% used [0x00000000eb900000,0x00000000eb900000,0x00000000eca00000)
 ParOldGen       total 161280K, used 37184K [0x00000000a0000000, 0x00000000a9d80000, 0x00000000e0000000)
  object space 161280K, 23% used [0x00000000a0000000,0x00000000a2450368,0x00000000a9d80000)
 Metaspace       used 64268K, capacity 67100K, committed 67288K, reserved 1107968K
  class space    used 8727K, capacity 9320K, committed 9432K, reserved 1048576K
Event: 18.488 GC heap after
Heap after GC invocations=17 (full 3):
 PSYoungGen      total 183808K, used 17378K [0x00000000e0000000, 0x00000000ed500000, 0x0000000100000000)
  eden space 166400K, 0% used [0x00000000e0000000,0x00000000e0000000,0x00000000ea280000)
  from space 17408K, 99% used [0x00000000eb900000,0x00000000ec9f8bb0,0x00000000eca00000)
  to   space 23040K, 0% used [0x00000000ea280000,0x00000000ea280000,0x00000000eb900000)
 ParOldGen       total 161280K, used 46739K [0x00000000a0000000, 0x00000000a9d80000, 0x00000000e0000000)
  object space 161280K, 28% used [0x00000000a0000000,0x00000000a2da4cf8,0x00000000a9d80000)
 Metaspace       used 64268K, capacity 67100K, committed 67288K, reserved 1107968K
  class space    used 8727K, capacity 9320K, committed 9432K, reserved 1048576K
}

