# JRE version: OpenJDK Runtime Environment (8.0_212-b04) (build 1.8.0_212-release-1586-b04)
# Java VM: OpenJDK 64-Bit Server VM (25.212-b04 mixed mode windows-amd64 compressed oops)
Heap:
 PSYoungGen      total 105472K, used 66332K [0x00000000e0000000, 0x00000000e7500000, 0x0000000100000000)
  eden space 94208K, 62% used [0x00000000e0000000,0x00000000e3924b18,0x00000000e5c00000)
  from space 11264K, 69% used [0x00000000e6a00000,0x00000000e71a27f0,0x00000000e7500000)
  to   space 12800K, 0% used [0x00000000e5c00000,0x00000000e5c00000,0x00000000e6880000)
 ParOldGen       total 87552K, used 16826K [0x00000000a0000000, 0x00000000a5580000, 0x00000000e0000000)
  object space 87552K, 19% used [0x00000000a0000000,0x00000000a106e8e0,0x00000000a5580000)
 Metaspace       used 45263K, capacity 46484K, committed 46720K, reserved 1089536K
  class space    used 6138K, capacity 6427K, committed 6528K, reserved 1048576K
GC Heap History (10 events):
Event: 7.113 GC heap before
{Heap before GC invocations=10 (full 1):
 PSYoungGen      total 65536K, used 62388K [0x00000000e0000000, 0x00000000e4d00000, 0x0000000100000000)
  eden space 56320K, 100% used [0x00000000e0000000,0x00000000e3700000,0x00000000e3700000)
  from space 9216K, 65% used [0x00000000e4300000,0x00000000e48ed128,0x00000000e4c00000)
  to   space 11264K, 0% used [0x00000000e3700000,0x00000000e3700000,0x00000000e4200000)
 ParOldGen       total 70144K, used 10145K [0x00000000a0000000, 0x00000000a4480000, 0x00000000e0000000)
  object space 70144K, 14% used [0x00000000a0000000,0x00000000a09e84b0,0x00000000a4480000)
 Metaspace       used 32172K, capacity 32962K, committed 33024K, reserved 1077248K
  class space    used 4356K, capacity 4586K, committed 4608K, reserved 1048576K
Event: 7.122 GC heap after
Heap after GC invocations=10 (full 1):
 PSYoungGen      total 67584K, used 8543K [0x00000000e0000000, 0x00000000e5700000, 0x0000000100000000)
  eden space 56320K, 0% used [0x00000000e0000000,0x00000000e0000000,0x00000000e3700000)
  from space 11264K, 75% used [0x00000000e3700000,0x00000000e3f57f80,0x00000000e4200000)
  to   space 11264K, 0% used [0x00000000e4c00000,0x00000000e4c00000,0x00000000e5700000)
 ParOldGen       total 70144K, used 10153K [0x00000000a0000000, 0x00000000a4480000, 0x00000000e0000000)
  object space 70144K, 14% used [0x00000000a0000000,0x00000000a09ea4b0,0x00000000a4480000)
 Metaspace       used 32172K, capacity 32962K, committed 33024K, reserved 1077248K
  class space    used 4356K, capacity 4586K, committed 4608K, reserved 1048576K
}
Event: 8.073 GC heap before
{Heap before GC invocations=11 (full 1):
 PSYoungGen      total 67584K, used 64863K [0x00000000e0000000, 0x00000000e5700000, 0x0000000100000000)
  eden space 56320K, 100% used [0x00000000e0000000,0x00000000e3700000,0x00000000e3700000)
  from space 11264K, 75% used [0x00000000e3700000,0x00000000e3f57f80,0x00000000e4200000)
  to   space 11264K, 0% used [0x00000000e4c00000,0x00000000e4c00000,0x00000000e5700000)
 ParOldGen       total 70144K, used 10153K [0x00000000a0000000, 0x00000000a4480000, 0x00000000e0000000)
  object space 70144K, 14% used [0x00000000a0000000,0x00000000a09ea4b0,0x00000000a4480000)
 Metaspace       used 34539K, capacity 35294K, committed 35496K, reserved 1079296K
  class space    used 4770K, capacity 4996K, committed 5120K, reserved 1048576K
Event: 8.084 GC heap after
Heap after GC invocations=11 (full 1):
 PSYoungGen      total 76288K, used 11151K [0x00000000e0000000, 0x00000000e5b00000, 0x0000000100000000)
  eden space 65024K, 0% used [0x00000000e0000000,0x00000000e0000000,0x00000000e3f80000)
  from space 11264K, 99% used [0x00000000e4c00000,0x00000000e56e3e80,0x00000000e5700000)
  to   space 12800K, 0% used [0x00000000e3f80000,0x00000000e3f80000,0x00000000e4c00000)
 ParOldGen       total 70144K, used 10161K [0x00000000a0000000, 0x00000000a4480000, 0x00000000e0000000)
  object space 70144K, 14% used [0x00000000a0000000,0x00000000a09ec4b0,0x00000000a4480000)
 Metaspace       used 34539K, capacity 35294K, committed 35496K, reserved 1079296K
  class space    used 4770K, capacity 4996K, committed 5120K, reserved 1048576K
}
Event: 8.107 GC heap before
{Heap before GC invocations=12 (full 1):
 PSYoungGen      total 76288K, used 14990K [0x00000000e0000000, 0x00000000e5b00000, 0x0000000100000000)
  eden space 65024K, 5% used [0x00000000e0000000,0x00000000e03bfa58,0x00000000e3f80000)
  from space 11264K, 99% used [0x00000000e4c00000,0x00000000e56e3e80,0x00000000e5700000)
  to   space 12800K, 0% used [0x00000000e3f80000,0x00000000e3f80000,0x00000000e4c00000)
 ParOldGen       total 70144K, used 10161K [0x00000000a0000000, 0x00000000a4480000, 0x00000000e0000000)
  object space 70144K, 14% used [0x00000000a0000000,0x00000000a09ec4b0,0x00000000a4480000)
 Metaspace       used 34675K, capacity 35390K, committed 35496K, reserved 1079296K
  class space    used 4785K, capacity 5028K, committed 5120K, reserved 1048576K
Event: 8.113 GC heap after
Heap after GC invocations=12 (full 1):
 PSYoungGen      total 77824K, used 9310K [0x00000000e0000000, 0x00000000e7680000, 0x0000000100000000)
  eden space 65024K, 0% used [0x00000000e0000000,0x00000000e0000000,0x00000000e3f80000)
  from space 12800K, 72% used [0x00000000e3f80000,0x00000000e48979a0,0x00000000e4c00000)
  to   space 12800K, 0% used [0x00000000e6a00000,0x00000000e6a00000,0x00000000e7680000)
 ParOldGen       total 70144K, used 10169K [0x00000000a0000000, 0x00000000a4480000, 0x00000000e0000000)
  object space 70144K, 14% used [0x00000000a0000000,0x00000000a09ee4b0,0x00000000a4480000)
 Metaspace       used 34675K, capacity 35390K, committed 35496K, reserved 1079296K
  class space    used 4785K, capacity 5028K, committed 5120K, reserved 1048576K
}
Event: 8.113 GC heap before
{Heap before GC invocations=13 (full 2):
 PSYoungGen      total 77824K, used 9310K [0x00000000e0000000, 0x00000000e7680000, 0x0000000100000000)
  eden space 65024K, 0% used [0x00000000e0000000,0x00000000e0000000,0x00000000e3f80000)
  from space 12800K, 72% used [0x00000000e3f80000,0x00000000e48979a0,0x00000000e4c00000)
  to   space 12800K, 0% used [0x00000000e6a00000,0x00000000e6a00000,0x00000000e7680000)
 ParOldGen       total 70144K, used 10169K [0x00000000a0000000, 0x00000000a4480000, 0x00000000e0000000)
  object space 70144K, 14% used [0x00000000a0000000,0x00000000a09ee4b0,0x00000000a4480000)
 Metaspace       used 34675K, capacity 35390K, committed 35496K, reserved 1079296K
  class space    used 4785K, capacity 5028K, committed 5120K, reserved 1048576K
Event: 8.165 GC heap after
Heap after GC invocations=13 (full 2):
 PSYoungGen      total 77824K, used 0K [0x00000000e0000000, 0x00000000e7680000, 0x0000000100000000)
  eden space 65024K, 0% used [0x00000000e0000000,0x00000000e0000000,0x00000000e3f80000)
  from space 12800K, 0% used [0x00000000e3f80000,0x00000000e3f80000,0x00000000e4c00000)
  to   space 12800K, 0% used [0x00000000e6a00000,0x00000000e6a00000,0x00000000e7680000)
 ParOldGen       total 87552K, used 16818K [0x00000000a0000000, 0x00000000a5580000, 0x00000000e0000000)
  object space 87552K, 19% used [0x00000000a0000000,0x00000000a106c8e0,0x00000000a5580000)
 Metaspace       used 34675K, capacity 35390K, committed 35496K, reserved 1079296K
  class space    used 4785K, capacity 5028K, committed 5120K, reserved 1048576K
}
Event: 13.263 GC heap before
{Heap before GC invocations=14 (full 2):
 PSYoungGen      total 77824K, used 65024K [0x00000000e0000000, 0x00000000e7680000, 0x0000000100000000)
  eden space 65024K, 100% used [0x00000000e0000000,0x00000000e3f80000,0x00000000e3f80000)
  from space 12800K, 0% used [0x00000000e3f80000,0x00000000e3f80000,0x00000000e4c00000)
  to   space 12800K, 0% used [0x00000000e6a00000,0x00000000e6a00000,0x00000000e7680000)
 ParOldGen       total 87552K, used 16818K [0x00000000a0000000, 0x00000000a5580000, 0x00000000e0000000)
  object space 87552K, 19% used [0x00000000a0000000,0x00000000a106c8e0,0x00000000a5580000)
 Metaspace       used 40577K, capacity 41810K, committed 41984K, reserved 1085440K
  class space    used 5557K, capacity 5872K, committed 5888K, reserved 1048576K
Event: 13.273 GC heap after
Heap after GC invocations=14 (full 2):
 PSYoungGen      total 105472K, used 7817K [0x00000000e0000000, 0x00000000e7500000, 0x0000000100000000)
  eden space 94208K, 0% used [0x00000000e0000000,0x00000000e0000000,0x00000000e5c00000)
  from space 11264K, 69% used [0x00000000e6a00000,0x00000000e71a27f0,0x00000000e7500000)
  to   space 12800K, 0% used [0x00000000e5c00000,0x00000000e5c00000,0x00000000e6880000)
 ParOldGen       total 87552K, used 16826K [0x00000000a0000000, 0x00000000a5580000, 0x00000000e0000000)
  object space 87552K, 19% used [0x00000000a0000000,0x00000000a106e8e0,0x00000000a5580000)
 Metaspace       used 40577K, capacity 41810K, committed 41984K, reserved 1085440K
  class space    used 5557K, capacity 5872K, committed 5888K, reserved 1048576K
}

