# JRE version: OpenJDK Runtime Environment (8.0_212-b04) (build 1.8.0_212-release-1586-b04)
# Java VM: OpenJDK 64-Bit Server VM (25.212-b04 mixed mode windows-amd64 compressed oops)
Heap:
 PSYoungGen      total 107520K, used 24900K [0x00000000e0000000, 0x00000000e8f80000, 0x0000000100000000)
  eden space 93184K, 11% used [0x00000000e0000000,0x00000000e0a57448,0x00000000e5b00000)
  from space 14336K, 99% used [0x00000000e5b00000,0x00000000e68f9e48,0x00000000e6900000)
  to   space 16896K, 0% used [0x00000000e7f00000,0x00000000e7f00000,0x00000000e8f80000)
 ParOldGen       total 65024K, used 22759K [0x00000000a0000000, 0x00000000a3f80000, 0x00000000e0000000)
  object space 65024K, 35% used [0x00000000a0000000,0x00000000a1639de0,0x00000000a3f80000)
 Metaspace       used 51722K, capacity 53280K, committed 53632K, reserved 1095680K
  class space    used 6858K, capacity 7238K, committed 7296K, reserved 1048576K
GC Heap History (10 events):
Event: 8.060 GC heap before
{Heap before GC invocations=9 (full 1):
 PSYoungGen      total 77312K, used 72855K [0x00000000e0000000, 0x00000000e7400000, 0x0000000100000000)
  eden space 65536K, 100% used [0x00000000e0000000,0x00000000e4000000,0x00000000e4000000)
  from space 11776K, 62% used [0x00000000e4000000,0x00000000e4725c00,0x00000000e4b80000)
  to   space 11264K, 0% used [0x00000000e6900000,0x00000000e6900000,0x00000000e7400000)
 ParOldGen       total 65024K, used 10110K [0x00000000a0000000, 0x00000000a3f80000, 0x00000000e0000000)
  object space 65024K, 15% used [0x00000000a0000000,0x00000000a09df978,0x00000000a3f80000)
 Metaspace       used 32023K, capacity 32716K, committed 33024K, reserved 1077248K
  class space    used 4334K, capacity 4547K, committed 4608K, reserved 1048576K
Event: 8.071 GC heap after
Heap after GC invocations=9 (full 1):
 PSYoungGen      total 105472K, used 8879K [0x00000000e0000000, 0x00000000e7380000, 0x0000000100000000)
  eden space 94720K, 0% used [0x00000000e0000000,0x00000000e0000000,0x00000000e5c80000)
  from space 10752K, 82% used [0x00000000e6900000,0x00000000e71abc10,0x00000000e7380000)
  to   space 11776K, 0% used [0x00000000e5c80000,0x00000000e5c80000,0x00000000e6800000)
 ParOldGen       total 65024K, used 10118K [0x00000000a0000000, 0x00000000a3f80000, 0x00000000e0000000)
  object space 65024K, 15% used [0x00000000a0000000,0x00000000a09e1978,0x00000000a3f80000)
 Metaspace       used 32023K, capacity 32716K, committed 33024K, reserved 1077248K
  class space    used 4334K, capacity 4547K, committed 4608K, reserved 1048576K
}
Event: 9.098 GC heap before
{Heap before GC invocations=10 (full 1):
 PSYoungGen      total 105472K, used 71290K [0x00000000e0000000, 0x00000000e7380000, 0x0000000100000000)
  eden space 94720K, 65% used [0x00000000e0000000,0x00000000e3cf2d98,0x00000000e5c80000)
  from space 10752K, 82% used [0x00000000e6900000,0x00000000e71abc10,0x00000000e7380000)
  to   space 11776K, 0% used [0x00000000e5c80000,0x00000000e5c80000,0x00000000e6800000)
 ParOldGen       total 65024K, used 10118K [0x00000000a0000000, 0x00000000a3f80000, 0x00000000e0000000)
  object space 65024K, 15% used [0x00000000a0000000,0x00000000a09e1978,0x00000000a3f80000)
 Metaspace       used 34638K, capacity 35394K, committed 35496K, reserved 1079296K
  class space    used 4778K, capacity 5028K, committed 5120K, reserved 1048576K
Event: 9.114 GC heap after
Heap after GC invocations=10 (full 1):
 PSYoungGen      total 106496K, used 11393K [0x00000000e0000000, 0x00000000e7380000, 0x0000000100000000)
  eden space 94720K, 0% used [0x00000000e0000000,0x00000000e0000000,0x00000000e5c80000)
  from space 11776K, 96% used [0x00000000e5c80000,0x00000000e67a0778,0x00000000e6800000)
  to   space 10752K, 0% used [0x00000000e6900000,0x00000000e6900000,0x00000000e7380000)
 ParOldGen       total 65024K, used 10126K [0x00000000a0000000, 0x00000000a3f80000, 0x00000000e0000000)
  object space 65024K, 15% used [0x00000000a0000000,0x00000000a09e3978,0x00000000a3f80000)
 Metaspace       used 34638K, capacity 35394K, committed 35496K, reserved 1079296K
  class space    used 4778K, capacity 5028K, committed 5120K, reserved 1048576K
}
Event: 9.114 GC heap before
{Heap before GC invocations=11 (full 2):
 PSYoungGen      total 106496K, used 11393K [0x00000000e0000000, 0x00000000e7380000, 0x0000000100000000)
  eden space 94720K, 0% used [0x00000000e0000000,0x00000000e0000000,0x00000000e5c80000)
  from space 11776K, 96% used [0x00000000e5c80000,0x00000000e67a0778,0x00000000e6800000)
  to   space 10752K, 0% used [0x00000000e6900000,0x00000000e6900000,0x00000000e7380000)
 ParOldGen       total 65024K, used 10126K [0x00000000a0000000, 0x00000000a3f80000, 0x00000000e0000000)
  object space 65024K, 15% used [0x00000000a0000000,0x00000000a09e3978,0x00000000a3f80000)
 Metaspace       used 34638K, capacity 35394K, committed 35496K, reserved 1079296K
  class space    used 4778K, capacity 5028K, committed 5120K, reserved 1048576K
Event: 9.199 GC heap after
Heap after GC invocations=11 (full 2):
 PSYoungGen      total 106496K, used 0K [0x00000000e0000000, 0x00000000e7380000, 0x0000000100000000)
  eden space 94720K, 0% used [0x00000000e0000000,0x00000000e0000000,0x00000000e5c80000)
  from space 11776K, 0% used [0x00000000e5c80000,0x00000000e5c80000,0x00000000e6800000)
  to   space 10752K, 0% used [0x00000000e6900000,0x00000000e6900000,0x00000000e7380000)
 ParOldGen       total 65024K, used 18950K [0x00000000a0000000, 0x00000000a3f80000, 0x00000000e0000000)
  object space 65024K, 29% used [0x00000000a0000000,0x00000000a1281a38,0x00000000a3f80000)
 Metaspace       used 34638K, capacity 35394K, committed 35496K, reserved 1079296K
  class space    used 4778K, capacity 5028K, committed 5120K, reserved 1048576K
}
Event: 14.263 GC heap before
{Heap before GC invocations=12 (full 2):
 PSYoungGen      total 106496K, used 94720K [0x00000000e0000000, 0x00000000e7380000, 0x0000000100000000)
  eden space 94720K, 100% used [0x00000000e0000000,0x00000000e5c80000,0x00000000e5c80000)
  from space 11776K, 0% used [0x00000000e5c80000,0x00000000e5c80000,0x00000000e6800000)
  to   space 10752K, 0% used [0x00000000e6900000,0x00000000e6900000,0x00000000e7380000)
 ParOldGen       total 65024K, used 18950K [0x00000000a0000000, 0x00000000a3f80000, 0x00000000e0000000)
  object space 65024K, 29% used [0x00000000a0000000,0x00000000a1281a38,0x00000000a3f80000)
 Metaspace       used 44209K, capacity 45424K, committed 45696K, reserved 1089536K
  class space    used 5917K, capacity 6227K, committed 6272K, reserved 1048576K
Event: 14.273 GC heap after
Heap after GC invocations=12 (full 2):
 PSYoungGen      total 103936K, used 10751K [0x00000000e0000000, 0x00000000e8b80000, 0x0000000100000000)
  eden space 93184K, 0% used [0x00000000e0000000,0x00000000e0000000,0x00000000e5b00000)
  from space 10752K, 99% used [0x00000000e6900000,0x00000000e737fc28,0x00000000e7380000)
  to   space 14336K, 0% used [0x00000000e5b00000,0x00000000e5b00000,0x00000000e6900000)
 ParOldGen       total 65024K, used 20341K [0x00000000a0000000, 0x00000000a3f80000, 0x00000000e0000000)
  object space 65024K, 31% used [0x00000000a0000000,0x00000000a13dd548,0x00000000a3f80000)
 Metaspace       used 44209K, capacity 45424K, committed 45696K, reserved 1089536K
  class space    used 5917K, capacity 6227K, committed 6272K, reserved 1048576K
}
Event: 15.824 GC heap before
{Heap before GC invocations=13 (full 2):
 PSYoungGen      total 103936K, used 103935K [0x00000000e0000000, 0x00000000e8b80000, 0x0000000100000000)
  eden space 93184K, 100% used [0x00000000e0000000,0x00000000e5b00000,0x00000000e5b00000)
  from space 10752K, 99% used [0x00000000e6900000,0x00000000e737fc28,0x00000000e7380000)
  to   space 14336K, 0% used [0x00000000e5b00000,0x00000000e5b00000,0x00000000e6900000)
 ParOldGen       total 65024K, used 20341K [0x00000000a0000000, 0x00000000a3f80000, 0x00000000e0000000)
  object space 65024K, 31% used [0x00000000a0000000,0x00000000a13dd548,0x00000000a3f80000)
 Metaspace       used 51592K, capacity 53048K, committed 53376K, reserved 1095680K
  class space    used 6836K, capacity 7204K, committed 7296K, reserved 1048576K
Event: 15.840 GC heap after
Heap after GC invocations=13 (full 2):
 PSYoungGen      total 107520K, used 14311K [0x00000000e0000000, 0x00000000e8f80000, 0x0000000100000000)
  eden space 93184K, 0% used [0x00000000e0000000,0x00000000e0000000,0x00000000e5b00000)
  from space 14336K, 99% used [0x00000000e5b00000,0x00000000e68f9e48,0x00000000e6900000)
  to   space 16896K, 0% used [0x00000000e7f00000,0x00000000e7f00000,0x00000000e8f80000)
 ParOldGen       total 65024K, used 22759K [0x00000000a0000000, 0x00000000a3f80000, 0x00000000e0000000)
  object space 65024K, 35% used [0x00000000a0000000,0x00000000a1639de0,0x00000000a3f80000)
 Metaspace       used 51592K, capacity 53048K, committed 53376K, reserved 1095680K
  class space    used 6836K, capacity 7204K, committed 7296K, reserved 1048576K
}

