# JRE version: OpenJDK Runtime Environment (8.0_212-b04) (build 1.8.0_212-release-1586-b04)
# Java VM: OpenJDK 64-Bit Server VM (25.212-b04 mixed mode windows-amd64 compressed oops)
Heap:
 PSYoungGen      total 201728K, used 53072K [0x00000000e0000000, 0x00000000ef180000, 0x0000000100000000)
  eden space 178176K, 16% used [0x00000000e0000000,0x00000000e1cd5ca8,0x00000000eae00000)
  from space 23552K, 99% used [0x00000000eca80000,0x00000000ee17e5d8,0x00000000ee180000)
  to   space 29184K, 0% used [0x00000000eae00000,0x00000000eae00000,0x00000000eca80000)
 ParOldGen       total 160256K, used 60686K [0x00000000a0000000, 0x00000000a9c80000, 0x00000000e0000000)
  object space 160256K, 37% used [0x00000000a0000000,0x00000000a3b438c0,0x00000000a9c80000)
 Metaspace       used 69579K, capacity 72614K, committed 72856K, reserved 1112064K
  class space    used 9132K, capacity 9761K, committed 9880K, reserved 1048576K
GC Heap History (10 events):
Event: 13.382 GC heap before
{Heap before GC invocations=15 (full 3):
 PSYoungGen      total 168448K, used 8917K [0x00000000e0000000, 0x00000000ebd80000, 0x0000000100000000)
  eden space 150016K, 0% used [0x00000000e0000000,0x00000000e0000000,0x00000000e9280000)
  from space 18432K, 48% used [0x00000000ea380000,0x00000000eac35560,0x00000000eb580000)
  to   space 17408K, 0% used [0x00000000e9280000,0x00000000e9280000,0x00000000ea380000)
 ParOldGen       total 100352K, used 37291K [0x00000000a0000000, 0x00000000a6200000, 0x00000000e0000000)
  object space 100352K, 37% used [0x00000000a0000000,0x00000000a246ae68,0x00000000a6200000)
 Metaspace       used 57226K, capacity 59016K, committed 59160K, reserved 1099776K
  class space    used 7895K, capacity 8384K, committed 8472K, reserved 1048576K
Event: 13.794 GC heap after
Heap after GC invocations=15 (full 3):
 PSYoungGen      total 168448K, used 0K [0x00000000e0000000, 0x00000000ebd80000, 0x0000000100000000)
  eden space 150016K, 0% used [0x00000000e0000000,0x00000000e0000000,0x00000000e9280000)
  from space 18432K, 0% used [0x00000000ea380000,0x00000000ea380000,0x00000000eb580000)
  to   space 17408K, 0% used [0x00000000e9280000,0x00000000e9280000,0x00000000ea380000)
 ParOldGen       total 160256K, used 37344K [0x00000000a0000000, 0x00000000a9c80000, 0x00000000e0000000)
  object space 160256K, 23% used [0x00000000a0000000,0x00000000a2478280,0x00000000a9c80000)
 Metaspace       used 57226K, capacity 59016K, committed 59160K, reserved 1099776K
  class space    used 7895K, capacity 8384K, committed 8472K, reserved 1048576K
}
Event: 15.846 GC heap before
{Heap before GC invocations=16 (full 3):
 PSYoungGen      total 168448K, used 150016K [0x00000000e0000000, 0x00000000ebd80000, 0x0000000100000000)
  eden space 150016K, 100% used [0x00000000e0000000,0x00000000e9280000,0x00000000e9280000)
  from space 18432K, 0% used [0x00000000ea380000,0x00000000ea380000,0x00000000eb580000)
  to   space 17408K, 0% used [0x00000000e9280000,0x00000000e9280000,0x00000000ea380000)
 ParOldGen       total 160256K, used 37344K [0x00000000a0000000, 0x00000000a9c80000, 0x00000000e0000000)
  object space 160256K, 23% used [0x00000000a0000000,0x00000000a2478280,0x00000000a9c80000)
 Metaspace       used 60496K, capacity 63282K, committed 63512K, reserved 1103872K
  class space    used 8366K, capacity 8929K, committed 8984K, reserved 1048576K
Event: 15.860 GC heap after
Heap after GC invocations=16 (full 3):
 PSYoungGen      total 167424K, used 11395K [0x00000000e0000000, 0x00000000ec900000, 0x0000000100000000)
  eden space 150016K, 0% used [0x00000000e0000000,0x00000000e0000000,0x00000000e9280000)
  from space 17408K, 65% used [0x00000000e9280000,0x00000000e9da0e20,0x00000000ea380000)
  to   space 17408K, 0% used [0x00000000eb800000,0x00000000eb800000,0x00000000ec900000)
 ParOldGen       total 160256K, used 37352K [0x00000000a0000000, 0x00000000a9c80000, 0x00000000e0000000)
  object space 160256K, 23% used [0x00000000a0000000,0x00000000a247a280,0x00000000a9c80000)
 Metaspace       used 60496K, capacity 63282K, committed 63512K, reserved 1103872K
  class space    used 8366K, capacity 8929K, committed 8984K, reserved 1048576K
}
Event: 18.465 GC heap before
{Heap before GC invocations=17 (full 3):
 PSYoungGen      total 167424K, used 161411K [0x00000000e0000000, 0x00000000ec900000, 0x0000000100000000)
  eden space 150016K, 100% used [0x00000000e0000000,0x00000000e9280000,0x00000000e9280000)
  from space 17408K, 65% used [0x00000000e9280000,0x00000000e9da0e20,0x00000000ea380000)
  to   space 17408K, 0% used [0x00000000eb800000,0x00000000eb800000,0x00000000ec900000)
 ParOldGen       total 160256K, used 37352K [0x00000000a0000000, 0x00000000a9c80000, 0x00000000e0000000)
  object space 160256K, 23% used [0x00000000a0000000,0x00000000a247a280,0x00000000a9c80000)
 Metaspace       used 64296K, capacity 67228K, committed 67352K, reserved 1107968K
  class space    used 8741K, capacity 9374K, committed 9496K, reserved 1048576K
Event: 18.488 GC heap after
Heap after GC invocations=17 (full 3):
 PSYoungGen      total 182784K, used 17400K [0x00000000e0000000, 0x00000000ed300000, 0x0000000100000000)
  eden space 165376K, 0% used [0x00000000e0000000,0x00000000e0000000,0x00000000ea180000)
  from space 17408K, 99% used [0x00000000eb800000,0x00000000ec8fe3d8,0x00000000ec900000)
  to   space 23040K, 0% used [0x00000000ea180000,0x00000000ea180000,0x00000000eb800000)
 ParOldGen       total 160256K, used 46729K [0x00000000a0000000, 0x00000000a9c80000, 0x00000000e0000000)
  object space 160256K, 29% used [0x00000000a0000000,0x00000000a2da2560,0x00000000a9c80000)
 Metaspace       used 64296K, capacity 67228K, committed 67352K, reserved 1107968K
  class space    used 8741K, capacity 9374K, committed 9496K, reserved 1048576K
}
Event: 30.926 GC heap before
{Heap before GC invocations=18 (full 3):
 PSYoungGen      total 182784K, used 182776K [0x00000000e0000000, 0x00000000ed300000, 0x0000000100000000)
  eden space 165376K, 100% used [0x00000000e0000000,0x00000000ea180000,0x00000000ea180000)
  from space 17408K, 99% used [0x00000000eb800000,0x00000000ec8fe3d8,0x00000000ec900000)
  to   space 23040K, 0% used [0x00000000ea180000,0x00000000ea180000,0x00000000eb800000)
 ParOldGen       total 160256K, used 46729K [0x00000000a0000000, 0x00000000a9c80000, 0x00000000e0000000)
  object space 160256K, 29% used [0x00000000a0000000,0x00000000a2da2560,0x00000000a9c80000)
 Metaspace       used 69348K, capacity 72400K, committed 72600K, reserved 1112064K
  class space    used 9130K, capacity 9758K, committed 9880K, reserved 1048576K
Event: 30.954 GC heap after
Heap after GC invocations=18 (full 3):
 PSYoungGen      total 188416K, used 15355K [0x00000000e0000000, 0x00000000ee180000, 0x0000000100000000)
  eden space 165376K, 0% used [0x00000000e0000000,0x00000000e0000000,0x00000000ea180000)
  from space 23040K, 66% used [0x00000000ea180000,0x00000000eb07ee20,0x00000000eb800000)
  to   space 23552K, 0% used [0x00000000eca80000,0x00000000eca80000,0x00000000ee180000)
 ParOldGen       total 160256K, used 54285K [0x00000000a0000000, 0x00000000a9c80000, 0x00000000e0000000)
  object space 160256K, 33% used [0x00000000a0000000,0x00000000a35036c8,0x00000000a9c80000)
 Metaspace       used 69348K, capacity 72400K, committed 72600K, reserved 1112064K
  class space    used 9130K, capacity 9758K, committed 9880K, reserved 1048576K
}
Event: 33.228 GC heap before
{Heap before GC invocations=19 (full 3):
 PSYoungGen      total 188416K, used 180731K [0x00000000e0000000, 0x00000000ee180000, 0x0000000100000000)
  eden space 165376K, 100% used [0x00000000e0000000,0x00000000ea180000,0x00000000ea180000)
  from space 23040K, 66% used [0x00000000ea180000,0x00000000eb07ee20,0x00000000eb800000)
  to   space 23552K, 0% used [0x00000000eca80000,0x00000000eca80000,0x00000000ee180000)
 ParOldGen       total 160256K, used 54285K [0x00000000a0000000, 0x00000000a9c80000, 0x00000000e0000000)
  object space 160256K, 33% used [0x00000000a0000000,0x00000000a35036c8,0x00000000a9c80000)
 Metaspace       used 69552K, capacity 72602K, committed 72856K, reserved 1112064K
  class space    used 9131K, capacity 9759K, committed 9880K, reserved 1048576K
Event: 33.276 GC heap after
Heap after GC invocations=19 (full 3):
 PSYoungGen      total 201728K, used 23545K [0x00000000e0000000, 0x00000000ef180000, 0x0000000100000000)
  eden space 178176K, 0% used [0x00000000e0000000,0x00000000e0000000,0x00000000eae00000)
  from space 23552K, 99% used [0x00000000eca80000,0x00000000ee17e5d8,0x00000000ee180000)
  to   space 29184K, 0% used [0x00000000eae00000,0x00000000eae00000,0x00000000eca80000)
 ParOldGen       total 160256K, used 60686K [0x00000000a0000000, 0x00000000a9c80000, 0x00000000e0000000)
  object space 160256K, 37% used [0x00000000a0000000,0x00000000a3b438c0,0x00000000a9c80000)
 Metaspace       used 69552K, capacity 72602K, committed 72856K, reserved 1112064K
  class space    used 9131K, capacity 9759K, committed 9880K, reserved 1048576K
}

