# JRE version: OpenJDK Runtime Environment (8.0_212-b04) (build 1.8.0_212-release-1586-b04)
# Java VM: OpenJDK 64-Bit Server VM (25.212-b04 mixed mode windows-amd64 compressed oops)
Heap:
 PSYoungGen      total 41984K, used 18897K [0x00000000e0000000, 0x00000000e5480000, 0x0000000100000000)
  eden space 32768K, 57% used [0x00000000e0000000,0x00000000e12744f0,0x00000000e2000000)
  from space 9216K, 0% used [0x00000000e4b80000,0x00000000e4b80000,0x00000000e5480000)
  to   space 11264K, 0% used [0x00000000e3e80000,0x00000000e3e80000,0x00000000e4980000)
 ParOldGen       total 69120K, used 9566K [0x00000000a0000000, 0x00000000a4380000, 0x00000000e0000000)
  object space 69120K, 13% used [0x00000000a0000000,0x00000000a09578f8,0x00000000a4380000)
 Metaspace       used 24804K, capacity 25306K, committed 25472K, reserved 1071104K
  class space    used 3450K, capacity 3612K, committed 3712K, reserved 1048576K
GC Heap History (10 events):
Event: 1.677 GC heap before
{Heap before GC invocations=3 (full 0):
 PSYoungGen      total 38400K, used 36753K [0x00000000e0000000, 0x00000000e2a80000, 0x0000000100000000)
  eden space 33280K, 100% used [0x00000000e0000000,0x00000000e2080000,0x00000000e2080000)
  from space 5120K, 67% used [0x00000000e2580000,0x00000000e28e4500,0x00000000e2a80000)
  to   space 5120K, 0% used [0x00000000e2080000,0x00000000e2080000,0x00000000e2580000)
 ParOldGen       total 87552K, used 16K [0x00000000a0000000, 0x00000000a5580000, 0x00000000e0000000)
  object space 87552K, 0% used [0x00000000a0000000,0x00000000a0004000,0x00000000a5580000)
 Metaspace       used 12413K, capacity 12790K, committed 12928K, reserved 1060864K
  class space    used 1677K, capacity 1835K, committed 1920K, reserved 1048576K
Event: 1.681 GC heap after
Heap after GC invocations=3 (full 0):
 PSYoungGen      total 38400K, used 5092K [0x00000000e0000000, 0x00000000e2a80000, 0x0000000100000000)
  eden space 33280K, 0% used [0x00000000e0000000,0x00000000e0000000,0x00000000e2080000)
  from space 5120K, 99% used [0x00000000e2080000,0x00000000e2579388,0x00000000e2580000)
  to   space 5120K, 0% used [0x00000000e2580000,0x00000000e2580000,0x00000000e2a80000)
 ParOldGen       total 87552K, used 1537K [0x00000000a0000000, 0x00000000a5580000, 0x00000000e0000000)
  object space 87552K, 1% used [0x00000000a0000000,0x00000000a0180430,0x00000000a5580000)
 Metaspace       used 12413K, capacity 12790K, committed 12928K, reserved 1060864K
  class space    used 1677K, capacity 1835K, committed 1920K, reserved 1048576K
}
Event: 1.886 GC heap before
{Heap before GC invocations=4 (full 0):
 PSYoungGen      total 38400K, used 38372K [0x00000000e0000000, 0x00000000e2a80000, 0x0000000100000000)
  eden space 33280K, 100% used [0x00000000e0000000,0x00000000e2080000,0x00000000e2080000)
  from space 5120K, 99% used [0x00000000e2080000,0x00000000e2579388,0x00000000e2580000)
  to   space 5120K, 0% used [0x00000000e2580000,0x00000000e2580000,0x00000000e2a80000)
 ParOldGen       total 87552K, used 1537K [0x00000000a0000000, 0x00000000a5580000, 0x00000000e0000000)
  object space 87552K, 1% used [0x00000000a0000000,0x00000000a0180430,0x00000000a5580000)
 Metaspace       used 14685K, capacity 15104K, committed 15232K, reserved 1062912K
  class space    used 2059K, capacity 2160K, committed 2176K, reserved 1048576K
Event: 1.892 GC heap after
Heap after GC invocations=4 (full 0):
 PSYoungGen      total 38400K, used 5104K [0x00000000e0000000, 0x00000000e4b00000, 0x0000000100000000)
  eden space 33280K, 0% used [0x00000000e0000000,0x00000000e0000000,0x00000000e2080000)
  from space 5120K, 99% used [0x00000000e2580000,0x00000000e2a7c010,0x00000000e2a80000)
  to   space 5120K, 0% used [0x00000000e2080000,0x00000000e2080000,0x00000000e2580000)
 ParOldGen       total 87552K, used 3972K [0x00000000a0000000, 0x00000000a5580000, 0x00000000e0000000)
  object space 87552K, 4% used [0x00000000a0000000,0x00000000a03e1118,0x00000000a5580000)
 Metaspace       used 14685K, capacity 15104K, committed 15232K, reserved 1062912K
  class space    used 2059K, capacity 2160K, committed 2176K, reserved 1048576K
}
Event: 3.315 GC heap before
{Heap before GC invocations=5 (full 0):
 PSYoungGen      total 38400K, used 38384K [0x00000000e0000000, 0x00000000e4b00000, 0x0000000100000000)
  eden space 33280K, 100% used [0x00000000e0000000,0x00000000e2080000,0x00000000e2080000)
  from space 5120K, 99% used [0x00000000e2580000,0x00000000e2a7c010,0x00000000e2a80000)
  to   space 5120K, 0% used [0x00000000e2080000,0x00000000e2080000,0x00000000e2580000)
 ParOldGen       total 87552K, used 3972K [0x00000000a0000000, 0x00000000a5580000, 0x00000000e0000000)
  object space 87552K, 4% used [0x00000000a0000000,0x00000000a03e1118,0x00000000a5580000)
 Metaspace       used 17757K, capacity 18188K, committed 18432K, reserved 1064960K
  class space    used 2554K, capacity 2724K, committed 2816K, reserved 1048576K
Event: 3.326 GC heap after
Heap after GC invocations=5 (full 0):
 PSYoungGen      total 38400K, used 5104K [0x00000000e0000000, 0x00000000e5600000, 0x0000000100000000)
  eden space 33280K, 0% used [0x00000000e0000000,0x00000000e0000000,0x00000000e2080000)
  from space 5120K, 99% used [0x00000000e2080000,0x00000000e257c1d0,0x00000000e2580000)
  to   space 10752K, 0% used [0x00000000e4b80000,0x00000000e4b80000,0x00000000e5600000)
 ParOldGen       total 87552K, used 7689K [0x00000000a0000000, 0x00000000a5580000, 0x00000000e0000000)
  object space 87552K, 8% used [0x00000000a0000000,0x00000000a0782660,0x00000000a5580000)
 Metaspace       used 17757K, capacity 18188K, committed 18432K, reserved 1064960K
  class space    used 2554K, capacity 2724K, committed 2816K, reserved 1048576K
}
Event: 5.984 GC heap before
{Heap before GC invocations=6 (full 0):
 PSYoungGen      total 38400K, used 33977K [0x00000000e0000000, 0x00000000e5600000, 0x0000000100000000)
  eden space 33280K, 86% used [0x00000000e0000000,0x00000000e1c32578,0x00000000e2080000)
  from space 5120K, 99% used [0x00000000e2080000,0x00000000e257c1d0,0x00000000e2580000)
  to   space 10752K, 0% used [0x00000000e4b80000,0x00000000e4b80000,0x00000000e5600000)
 ParOldGen       total 87552K, used 7689K [0x00000000a0000000, 0x00000000a5580000, 0x00000000e0000000)
  object space 87552K, 8% used [0x00000000a0000000,0x00000000a0782660,0x00000000a5580000)
 Metaspace       used 20719K, capacity 21198K, committed 21296K, reserved 1067008K
  class space    used 2997K, capacity 3161K, committed 3200K, reserved 1048576K
Event: 5.991 GC heap after
Heap after GC invocations=6 (full 0):
 PSYoungGen      total 41984K, used 8845K [0x00000000e0000000, 0x00000000e5480000, 0x0000000100000000)
  eden space 32768K, 0% used [0x00000000e0000000,0x00000000e0000000,0x00000000e2000000)
  from space 9216K, 95% used [0x00000000e4b80000,0x00000000e54236f0,0x00000000e5480000)
  to   space 11264K, 0% used [0x00000000e3e80000,0x00000000e3e80000,0x00000000e4980000)
 ParOldGen       total 87552K, used 7697K [0x00000000a0000000, 0x00000000a5580000, 0x00000000e0000000)
  object space 87552K, 8% used [0x00000000a0000000,0x00000000a0784660,0x00000000a5580000)
 Metaspace       used 20719K, capacity 21198K, committed 21296K, reserved 1067008K
  class space    used 2997K, capacity 3161K, committed 3200K, reserved 1048576K
}
Event: 5.991 GC heap before
{Heap before GC invocations=7 (full 1):
 PSYoungGen      total 41984K, used 8845K [0x00000000e0000000, 0x00000000e5480000, 0x0000000100000000)
  eden space 32768K, 0% used [0x00000000e0000000,0x00000000e0000000,0x00000000e2000000)
  from space 9216K, 95% used [0x00000000e4b80000,0x00000000e54236f0,0x00000000e5480000)
  to   space 11264K, 0% used [0x00000000e3e80000,0x00000000e3e80000,0x00000000e4980000)
 ParOldGen       total 87552K, used 7697K [0x00000000a0000000, 0x00000000a5580000, 0x00000000e0000000)
  object space 87552K, 8% used [0x00000000a0000000,0x00000000a0784660,0x00000000a5580000)
 Metaspace       used 20719K, capacity 21198K, committed 21296K, reserved 1067008K
  class space    used 2997K, capacity 3161K, committed 3200K, reserved 1048576K
Event: 6.095 GC heap after
Heap after GC invocations=7 (full 1):
 PSYoungGen      total 41984K, used 0K [0x00000000e0000000, 0x00000000e5480000, 0x0000000100000000)
  eden space 32768K, 0% used [0x00000000e0000000,0x00000000e0000000,0x00000000e2000000)
  from space 9216K, 0% used [0x00000000e4b80000,0x00000000e4b80000,0x00000000e5480000)
  to   space 11264K, 0% used [0x00000000e3e80000,0x00000000e3e80000,0x00000000e4980000)
 ParOldGen       total 69120K, used 9566K [0x00000000a0000000, 0x00000000a4380000, 0x00000000e0000000)
  object space 69120K, 13% used [0x00000000a0000000,0x00000000a09578f8,0x00000000a4380000)
 Metaspace       used 20719K, capacity 21198K, committed 21296K, reserved 1067008K
  class space    used 2997K, capacity 3161K, committed 3200K, reserved 1048576K
}

